Added Component: Designator=C1(C 0603_L)
Add component (AddParameter): Name = "ComponentLink1Description"; Value = "供应商链接"; VariantName = "[No Variations]"
Add component (AddParameter): Name = "ComponentLink1URL"; Value = "http://www.szlcsc.com/product/details_24366.html"; VariantName = "[No Variations]"
Add component (AddParameter): Name = "Notepad"; Value = ""; VariantName = "[No Variations]"
Add component (AddParameter): Name = "Package"; Value = "0603"; VariantName = "[No Variations]"
Add component (AddParameter): Name = "Supplier"; Value = "LC"; VariantName = "[No Variations]"
Add component (AddParameter): Name = "SuppliersPartNumber"; Value = "C23630"; VariantName = "[No Variations]"
Added Component: Designator=C2(CASE-A_3216)
Add component (AddParameter): Name = "ComponentLink1Description"; Value = "供应商链接"; VariantName = "[No Variations]"
Add component (AddParameter): Name = "ComponentLink1URL"; Value = "http://www.szlcsc.com/product/details_7643.html"; VariantName = "[No Variations]"
Add component (AddParameter): Name = "Notepad"; Value = ""; VariantName = "[No Variations]"
Add component (AddParameter): Name = "Package"; Value = "3216"; VariantName = "[No Variations]"
Add component (AddParameter): Name = "Supplier"; Value = "LC"; VariantName = "[No Variations]"
Add component (AddParameter): Name = "SuppliersPartNumber"; Value = "C7171"; VariantName = "[No Variations]"
Added Component: Designator=C3(CASE-A_3216)
Add component (AddParameter): Name = "ComponentLink1Description"; Value = "供应商链接"; VariantName = "[No Variations]"
Add component (AddParameter): Name = "ComponentLink1URL"; Value = "http://www.szlcsc.com/product/details_7643.html"; VariantName = "[No Variations]"
Add component (AddParameter): Name = "Notepad"; Value = ""; VariantName = "[No Variations]"
Add component (AddParameter): Name = "Package"; Value = "3216"; VariantName = "[No Variations]"
Add component (AddParameter): Name = "Supplier"; Value = "LC"; VariantName = "[No Variations]"
Add component (AddParameter): Name = "SuppliersPartNumber"; Value = "C7171"; VariantName = "[No Variations]"
Added Component: Designator=C4(CASE-A_3216)
Add component (AddParameter): Name = "ComponentLink1Description"; Value = "供应商链接"; VariantName = "[No Variations]"
Add component (AddParameter): Name = "ComponentLink1URL"; Value = "http://www.szlcsc.com/product/details_7643.html"; VariantName = "[No Variations]"
Add component (AddParameter): Name = "Notepad"; Value = ""; VariantName = "[No Variations]"
Add component (AddParameter): Name = "Package"; Value = "3216"; VariantName = "[No Variations]"
Add component (AddParameter): Name = "Supplier"; Value = "LC"; VariantName = "[No Variations]"
Add component (AddParameter): Name = "SuppliersPartNumber"; Value = "C7171"; VariantName = "[No Variations]"
Added Component: Designator=C5(CASE-A_3216)
Add component (AddParameter): Name = "ComponentLink1Description"; Value = "供应商链接"; VariantName = "[No Variations]"
Add component (AddParameter): Name = "ComponentLink1URL"; Value = "http://www.szlcsc.com/product/details_7643.html"; VariantName = "[No Variations]"
Add component (AddParameter): Name = "Notepad"; Value = ""; VariantName = "[No Variations]"
Add component (AddParameter): Name = "Package"; Value = "3216"; VariantName = "[No Variations]"
Add component (AddParameter): Name = "Supplier"; Value = "LC"; VariantName = "[No Variations]"
Add component (AddParameter): Name = "SuppliersPartNumber"; Value = "C7171"; VariantName = "[No Variations]"
Added Component: Designator=C6(C 0603_L)
Add component (AddParameter): Name = "ComponentLink1Description"; Value = "供应商链接"; VariantName = "[No Variations]"
Add component (AddParameter): Name = "ComponentLink1URL"; Value = "http://www.szlcsc.com/product/details_24366.html"; VariantName = "[No Variations]"
Add component (AddParameter): Name = "Notepad"; Value = ""; VariantName = "[No Variations]"
Add component (AddParameter): Name = "Package"; Value = "0603"; VariantName = "[No Variations]"
Add component (AddParameter): Name = "Supplier"; Value = "LC"; VariantName = "[No Variations]"
Add component (AddParameter): Name = "SuppliersPartNumber"; Value = "C23630"; VariantName = "[No Variations]"
Added Component: Designator=C7(C 0603_L)
Add component (AddParameter): Name = "ComponentLink1Description"; Value = "供应商链接"; VariantName = "[No Variations]"
Add component (AddParameter): Name = "ComponentLink1URL"; Value = "http://www.szlcsc.com/product/details_24366.html"; VariantName = "[No Variations]"
Add component (AddParameter): Name = "Notepad"; Value = ""; VariantName = "[No Variations]"
Add component (AddParameter): Name = "Package"; Value = "0603"; VariantName = "[No Variations]"
Add component (AddParameter): Name = "Supplier"; Value = "LC"; VariantName = "[No Variations]"
Add component (AddParameter): Name = "SuppliersPartNumber"; Value = "C23630"; VariantName = "[No Variations]"
Added Component: Designator=C8(C 0603_L)
Add component (AddParameter): Name = "ComponentLink1Description"; Value = "供应商链接"; VariantName = "[No Variations]"
Add component (AddParameter): Name = "ComponentLink1URL"; Value = "http://www.szlcsc.com/product/details_24366.html"; VariantName = "[No Variations]"
Add component (AddParameter): Name = "Notepad"; Value = ""; VariantName = "[No Variations]"
Add component (AddParameter): Name = "Package"; Value = "0603"; VariantName = "[No Variations]"
Add component (AddParameter): Name = "Supplier"; Value = "LC"; VariantName = "[No Variations]"
Add component (AddParameter): Name = "SuppliersPartNumber"; Value = "C23630"; VariantName = "[No Variations]"
Added Component: Designator=C9(C 0603_L)
Add component (AddParameter): Name = "ComponentLink1Description"; Value = "供应商链接"; VariantName = "[No Variations]"
Add component (AddParameter): Name = "ComponentLink1URL"; Value = "http://www.szlcsc.com/product/details_24366.html"; VariantName = "[No Variations]"
Add component (AddParameter): Name = "Notepad"; Value = ""; VariantName = "[No Variations]"
Add component (AddParameter): Name = "Package"; Value = "0603"; VariantName = "[No Variations]"
Add component (AddParameter): Name = "Supplier"; Value = "LC"; VariantName = "[No Variations]"
Add component (AddParameter): Name = "SuppliersPartNumber"; Value = "C23630"; VariantName = "[No Variations]"
Added Component: Designator=C10(C 0603_L)
Add component (AddParameter): Name = "ComponentLink1Description"; Value = "供应商链接"; VariantName = "[No Variations]"
Add component (AddParameter): Name = "ComponentLink1URL"; Value = "http://www.szlcsc.com/product/details_24366.html"; VariantName = "[No Variations]"
Add component (AddParameter): Name = "Notepad"; Value = ""; VariantName = "[No Variations]"
Add component (AddParameter): Name = "Package"; Value = "0603"; VariantName = "[No Variations]"
Add component (AddParameter): Name = "Supplier"; Value = "LC"; VariantName = "[No Variations]"
Add component (AddParameter): Name = "SuppliersPartNumber"; Value = "C23630"; VariantName = "[No Variations]"
Added Component: Designator=C12(C 0603_L)
Add component (AddParameter): Name = "ComponentLink1Description"; Value = "供应商链接"; VariantName = "[No Variations]"
Add component (AddParameter): Name = "ComponentLink1URL"; Value = "http://www.szlcsc.com/product/details_24366.html"; VariantName = "[No Variations]"
Add component (AddParameter): Name = "Notepad"; Value = ""; VariantName = "[No Variations]"
Add component (AddParameter): Name = "Package"; Value = "0603"; VariantName = "[No Variations]"
Add component (AddParameter): Name = "Supplier"; Value = "LC"; VariantName = "[No Variations]"
Add component (AddParameter): Name = "SuppliersPartNumber"; Value = "C23630"; VariantName = "[No Variations]"
Added Component: Designator=C13(C 0603_L)
Add component (AddParameter): Name = "ComponentLink1Description"; Value = "供应商链接"; VariantName = "[No Variations]"
Add component (AddParameter): Name = "ComponentLink1URL"; Value = "http://www.szlcsc.com/product/details_24366.html"; VariantName = "[No Variations]"
Add component (AddParameter): Name = "Notepad"; Value = ""; VariantName = "[No Variations]"
Add component (AddParameter): Name = "Package"; Value = "0603"; VariantName = "[No Variations]"
Add component (AddParameter): Name = "Supplier"; Value = "LC"; VariantName = "[No Variations]"
Add component (AddParameter): Name = "SuppliersPartNumber"; Value = "C23630"; VariantName = "[No Variations]"
Added Component: Designator=C14(C 0603_L)
Add component (AddParameter): Name = "ComponentLink1Description"; Value = "供应商链接"; VariantName = "[No Variations]"
Add component (AddParameter): Name = "ComponentLink1URL"; Value = "http://www.szlcsc.com/product/details_24366.html"; VariantName = "[No Variations]"
Add component (AddParameter): Name = "Notepad"; Value = ""; VariantName = "[No Variations]"
Add component (AddParameter): Name = "Package"; Value = "0603"; VariantName = "[No Variations]"
Add component (AddParameter): Name = "Supplier"; Value = "LC"; VariantName = "[No Variations]"
Add component (AddParameter): Name = "SuppliersPartNumber"; Value = "C23630"; VariantName = "[No Variations]"
Added Component: Designator=C15(C 0603_L)
Add component (AddParameter): Name = "ComponentLink1Description"; Value = "供应商链接"; VariantName = "[No Variations]"
Add component (AddParameter): Name = "ComponentLink1URL"; Value = "http://www.szlcsc.com/product/details_24366.html"; VariantName = "[No Variations]"
Add component (AddParameter): Name = "Notepad"; Value = ""; VariantName = "[No Variations]"
Add component (AddParameter): Name = "Package"; Value = "0603"; VariantName = "[No Variations]"
Add component (AddParameter): Name = "Supplier"; Value = "LC"; VariantName = "[No Variations]"
Add component (AddParameter): Name = "SuppliersPartNumber"; Value = "C23630"; VariantName = "[No Variations]"
Added Component: Designator=C16(CASE-A_3216)
Add component (AddParameter): Name = "ComponentLink1Description"; Value = "供应商链接"; VariantName = "[No Variations]"
Add component (AddParameter): Name = "ComponentLink1URL"; Value = "http://www.szlcsc.com/product/details_7643.html"; VariantName = "[No Variations]"
Add component (AddParameter): Name = "Notepad"; Value = ""; VariantName = "[No Variations]"
Add component (AddParameter): Name = "Package"; Value = "3216"; VariantName = "[No Variations]"
Add component (AddParameter): Name = "Supplier"; Value = "LC"; VariantName = "[No Variations]"
Add component (AddParameter): Name = "SuppliersPartNumber"; Value = "C7171"; VariantName = "[No Variations]"
Added Component: Designator=C17(C 0603_L)
Add component (AddParameter): Name = "ComponentLink1Description"; Value = "供应商链接"; VariantName = "[No Variations]"
Add component (AddParameter): Name = "ComponentLink1URL"; Value = "http://www.szlcsc.com/product/details_24366.html"; VariantName = "[No Variations]"
Add component (AddParameter): Name = "Notepad"; Value = ""; VariantName = "[No Variations]"
Add component (AddParameter): Name = "Package"; Value = "0603"; VariantName = "[No Variations]"
Add component (AddParameter): Name = "Supplier"; Value = "LC"; VariantName = "[No Variations]"
Add component (AddParameter): Name = "SuppliersPartNumber"; Value = "C23630"; VariantName = "[No Variations]"
Added Component: Designator=C19(CASE-A_3216)
Add component (AddParameter): Name = "ComponentLink1Description"; Value = "供应商链接"; VariantName = "[No Variations]"
Add component (AddParameter): Name = "ComponentLink1URL"; Value = "http://www.szlcsc.com/product/details_7643.html"; VariantName = "[No Variations]"
Add component (AddParameter): Name = "Notepad"; Value = ""; VariantName = "[No Variations]"
Add component (AddParameter): Name = "Package"; Value = "3216"; VariantName = "[No Variations]"
Add component (AddParameter): Name = "Supplier"; Value = "LC"; VariantName = "[No Variations]"
Add component (AddParameter): Name = "SuppliersPartNumber"; Value = "C7171"; VariantName = "[No Variations]"
Added Component: Designator=C20(CASE-A_3216)
Add component (AddParameter): Name = "ComponentLink1Description"; Value = "供应商链接"; VariantName = "[No Variations]"
Add component (AddParameter): Name = "ComponentLink1URL"; Value = "http://www.szlcsc.com/product/details_7643.html"; VariantName = "[No Variations]"
Add component (AddParameter): Name = "Notepad"; Value = ""; VariantName = "[No Variations]"
Add component (AddParameter): Name = "Package"; Value = "3216"; VariantName = "[No Variations]"
Add component (AddParameter): Name = "Supplier"; Value = "LC"; VariantName = "[No Variations]"
Add component (AddParameter): Name = "SuppliersPartNumber"; Value = "C7171"; VariantName = "[No Variations]"
Added Component: Designator=C21(C 0603_L)
Add component (AddParameter): Name = "ComponentLink1Description"; Value = "供应商链接"; VariantName = "[No Variations]"
Add component (AddParameter): Name = "ComponentLink1URL"; Value = "http://www.szlcsc.com/product/details_24366.html"; VariantName = "[No Variations]"
Add component (AddParameter): Name = "Notepad"; Value = ""; VariantName = "[No Variations]"
Add component (AddParameter): Name = "Package"; Value = "0603"; VariantName = "[No Variations]"
Add component (AddParameter): Name = "Supplier"; Value = "LC"; VariantName = "[No Variations]"
Add component (AddParameter): Name = "SuppliersPartNumber"; Value = "C23630"; VariantName = "[No Variations]"
Added Component: Designator=C22(C 0603_L)
Add component (AddParameter): Name = "ComponentLink1Description"; Value = "供应商链接"; VariantName = "[No Variations]"
Add component (AddParameter): Name = "ComponentLink1URL"; Value = "http://www.szlcsc.com/product/details_24366.html"; VariantName = "[No Variations]"
Add component (AddParameter): Name = "Notepad"; Value = ""; VariantName = "[No Variations]"
Add component (AddParameter): Name = "Package"; Value = "0603"; VariantName = "[No Variations]"
Add component (AddParameter): Name = "Supplier"; Value = "LC"; VariantName = "[No Variations]"
Add component (AddParameter): Name = "SuppliersPartNumber"; Value = "C23630"; VariantName = "[No Variations]"
Added Component: Designator=C23(C 0603_L)
Add component (AddParameter): Name = "ComponentLink1Description"; Value = "供应商链接"; VariantName = "[No Variations]"
Add component (AddParameter): Name = "ComponentLink1URL"; Value = "http://www.szlcsc.com/product/details_24366.html"; VariantName = "[No Variations]"
Add component (AddParameter): Name = "Notepad"; Value = ""; VariantName = "[No Variations]"
Add component (AddParameter): Name = "Package"; Value = "0603"; VariantName = "[No Variations]"
Add component (AddParameter): Name = "Supplier"; Value = "LC"; VariantName = "[No Variations]"
Add component (AddParameter): Name = "SuppliersPartNumber"; Value = "C23630"; VariantName = "[No Variations]"
Added Component: Designator=C24(C 0603_L)
Add component (AddParameter): Name = "ComponentLink1Description"; Value = "供应商链接"; VariantName = "[No Variations]"
Add component (AddParameter): Name = "ComponentLink1URL"; Value = "http://www.szlcsc.com/product/details_24366.html"; VariantName = "[No Variations]"
Add component (AddParameter): Name = "Notepad"; Value = ""; VariantName = "[No Variations]"
Add component (AddParameter): Name = "Package"; Value = "0603"; VariantName = "[No Variations]"
Add component (AddParameter): Name = "Supplier"; Value = "LC"; VariantName = "[No Variations]"
Add component (AddParameter): Name = "SuppliersPartNumber"; Value = "C23630"; VariantName = "[No Variations]"
Added Component: Designator=C25(C 0603_L)
Add component (AddParameter): Name = "ComponentLink1Description"; Value = "供应商链接"; VariantName = "[No Variations]"
Add component (AddParameter): Name = "ComponentLink1URL"; Value = "http://www.szlcsc.com/product/details_24366.html"; VariantName = "[No Variations]"
Add component (AddParameter): Name = "Notepad"; Value = ""; VariantName = "[No Variations]"
Add component (AddParameter): Name = "Package"; Value = "0603"; VariantName = "[No Variations]"
Add component (AddParameter): Name = "Supplier"; Value = "LC"; VariantName = "[No Variations]"
Add component (AddParameter): Name = "SuppliersPartNumber"; Value = "C23630"; VariantName = "[No Variations]"
Added Component: Designator=C26(C 0603_L)
Add component (AddParameter): Name = "ComponentLink1Description"; Value = "供应商链接"; VariantName = "[No Variations]"
Add component (AddParameter): Name = "ComponentLink1URL"; Value = "http://www.szlcsc.com/product/details_24366.html"; VariantName = "[No Variations]"
Add component (AddParameter): Name = "Notepad"; Value = ""; VariantName = "[No Variations]"
Add component (AddParameter): Name = "Package"; Value = "0603"; VariantName = "[No Variations]"
Add component (AddParameter): Name = "Supplier"; Value = "LC"; VariantName = "[No Variations]"
Add component (AddParameter): Name = "SuppliersPartNumber"; Value = "C23630"; VariantName = "[No Variations]"
Added Component: Designator=C27(C 0603_L)
Add component (AddParameter): Name = "ComponentLink1Description"; Value = "供应商链接"; VariantName = "[No Variations]"
Add component (AddParameter): Name = "ComponentLink1URL"; Value = "http://www.szlcsc.com/product/details_24366.html"; VariantName = "[No Variations]"
Add component (AddParameter): Name = "Notepad"; Value = ""; VariantName = "[No Variations]"
Add component (AddParameter): Name = "Package"; Value = "0603"; VariantName = "[No Variations]"
Add component (AddParameter): Name = "Supplier"; Value = "LC"; VariantName = "[No Variations]"
Add component (AddParameter): Name = "SuppliersPartNumber"; Value = "C23630"; VariantName = "[No Variations]"
Added Component: Designator=C29(C 0603_L)
Add component (AddParameter): Name = "ComponentLink1Description"; Value = "供应商链接"; VariantName = "[No Variations]"
Add component (AddParameter): Name = "ComponentLink1URL"; Value = "http://www.szlcsc.com/product/details_24366.html"; VariantName = "[No Variations]"
Add component (AddParameter): Name = "Notepad"; Value = ""; VariantName = "[No Variations]"
Add component (AddParameter): Name = "Package"; Value = "0603"; VariantName = "[No Variations]"
Add component (AddParameter): Name = "Supplier"; Value = "LC"; VariantName = "[No Variations]"
Add component (AddParameter): Name = "SuppliersPartNumber"; Value = "C23630"; VariantName = "[No Variations]"
Added Component: Designator=C30(C 0603_L)
Add component (AddParameter): Name = "ComponentLink1Description"; Value = "供应商链接"; VariantName = "[No Variations]"
Add component (AddParameter): Name = "ComponentLink1URL"; Value = "http://www.szlcsc.com/product/details_24366.html"; VariantName = "[No Variations]"
Add component (AddParameter): Name = "Notepad"; Value = ""; VariantName = "[No Variations]"
Add component (AddParameter): Name = "Package"; Value = "0603"; VariantName = "[No Variations]"
Add component (AddParameter): Name = "Supplier"; Value = "LC"; VariantName = "[No Variations]"
Add component (AddParameter): Name = "SuppliersPartNumber"; Value = "C23630"; VariantName = "[No Variations]"
Added Component: Designator=C31(C 0603_L)
Add component (AddParameter): Name = "ComponentLink1Description"; Value = "供应商链接"; VariantName = "[No Variations]"
Add component (AddParameter): Name = "ComponentLink1URL"; Value = "http://www.szlcsc.com/product/details_24366.html"; VariantName = "[No Variations]"
Add component (AddParameter): Name = "Notepad"; Value = ""; VariantName = "[No Variations]"
Add component (AddParameter): Name = "Package"; Value = "0603"; VariantName = "[No Variations]"
Add component (AddParameter): Name = "Supplier"; Value = "LC"; VariantName = "[No Variations]"
Add component (AddParameter): Name = "SuppliersPartNumber"; Value = "C23630"; VariantName = "[No Variations]"
Added Component: Designator=C32(C 0603_L)
Add component (AddParameter): Name = "ComponentLink1Description"; Value = "供应商链接"; VariantName = "[No Variations]"
Add component (AddParameter): Name = "ComponentLink1URL"; Value = "http://www.szlcsc.com/product/details_24366.html"; VariantName = "[No Variations]"
Add component (AddParameter): Name = "Notepad"; Value = ""; VariantName = "[No Variations]"
Add component (AddParameter): Name = "Package"; Value = "0603"; VariantName = "[No Variations]"
Add component (AddParameter): Name = "Supplier"; Value = "LC"; VariantName = "[No Variations]"
Add component (AddParameter): Name = "SuppliersPartNumber"; Value = "C23630"; VariantName = "[No Variations]"
Added Component: Designator=C33(C 0603_L)
Add component (AddParameter): Name = "ComponentLink1Description"; Value = "供应商链接"; VariantName = "[No Variations]"
Add component (AddParameter): Name = "ComponentLink1URL"; Value = "http://www.szlcsc.com/product/details_24366.html"; VariantName = "[No Variations]"
Add component (AddParameter): Name = "Notepad"; Value = ""; VariantName = "[No Variations]"
Add component (AddParameter): Name = "Package"; Value = "0603"; VariantName = "[No Variations]"
Add component (AddParameter): Name = "Supplier"; Value = "LC"; VariantName = "[No Variations]"
Add component (AddParameter): Name = "SuppliersPartNumber"; Value = "C23630"; VariantName = "[No Variations]"
Added Component: Designator=C34(C 0603_L)
Add component (AddParameter): Name = "ComponentLink1Description"; Value = "供应商链接"; VariantName = "[No Variations]"
Add component (AddParameter): Name = "ComponentLink1URL"; Value = "http://www.szlcsc.com/product/details_24366.html"; VariantName = "[No Variations]"
Add component (AddParameter): Name = "Notepad"; Value = ""; VariantName = "[No Variations]"
Add component (AddParameter): Name = "Package"; Value = "0603"; VariantName = "[No Variations]"
Add component (AddParameter): Name = "Supplier"; Value = "LC"; VariantName = "[No Variations]"
Add component (AddParameter): Name = "SuppliersPartNumber"; Value = "C23630"; VariantName = "[No Variations]"
Added Component: Designator=C35(C 0603_L)
Add component (AddParameter): Name = "ComponentLink1Description"; Value = "供应商链接"; VariantName = "[No Variations]"
Add component (AddParameter): Name = "ComponentLink1URL"; Value = "http://www.szlcsc.com/product/details_24366.html"; VariantName = "[No Variations]"
Add component (AddParameter): Name = "Notepad"; Value = ""; VariantName = "[No Variations]"
Add component (AddParameter): Name = "Package"; Value = "0603"; VariantName = "[No Variations]"
Add component (AddParameter): Name = "Supplier"; Value = "LC"; VariantName = "[No Variations]"
Add component (AddParameter): Name = "SuppliersPartNumber"; Value = "C23630"; VariantName = "[No Variations]"
Added Component: Designator=C36(C 0603_L)
Add component (AddParameter): Name = "ComponentLink1Description"; Value = "供应商链接"; VariantName = "[No Variations]"
Add component (AddParameter): Name = "ComponentLink1URL"; Value = "http://www.szlcsc.com/product/details_24366.html"; VariantName = "[No Variations]"
Add component (AddParameter): Name = "Notepad"; Value = ""; VariantName = "[No Variations]"
Add component (AddParameter): Name = "Package"; Value = "0603"; VariantName = "[No Variations]"
Add component (AddParameter): Name = "Supplier"; Value = "LC"; VariantName = "[No Variations]"
Add component (AddParameter): Name = "SuppliersPartNumber"; Value = "C23630"; VariantName = "[No Variations]"
Added Component: Designator=C37(C 0603_L)
Add component (AddParameter): Name = "ComponentLink1Description"; Value = "供应商链接"; VariantName = "[No Variations]"
Add component (AddParameter): Name = "ComponentLink1URL"; Value = "http://www.szlcsc.com/product/details_24366.html"; VariantName = "[No Variations]"
Add component (AddParameter): Name = "Notepad"; Value = ""; VariantName = "[No Variations]"
Add component (AddParameter): Name = "Package"; Value = "0603"; VariantName = "[No Variations]"
Add component (AddParameter): Name = "Supplier"; Value = "LC"; VariantName = "[No Variations]"
Add component (AddParameter): Name = "SuppliersPartNumber"; Value = "C23630"; VariantName = "[No Variations]"
Added Component: Designator=C38(CASE-A_3216)
Add component (AddParameter): Name = "ComponentLink1Description"; Value = "供应商链接"; VariantName = "[No Variations]"
Add component (AddParameter): Name = "ComponentLink1URL"; Value = "http://www.szlcsc.com/product/details_7643.html"; VariantName = "[No Variations]"
Add component (AddParameter): Name = "Notepad"; Value = ""; VariantName = "[No Variations]"
Add component (AddParameter): Name = "Package"; Value = "3216"; VariantName = "[No Variations]"
Add component (AddParameter): Name = "Supplier"; Value = "LC"; VariantName = "[No Variations]"
Add component (AddParameter): Name = "SuppliersPartNumber"; Value = "C7171"; VariantName = "[No Variations]"
Added Component: Designator=C39(C 0603_L)
Add component (AddParameter): Name = "ComponentLink1Description"; Value = "供应商链接"; VariantName = "[No Variations]"
Add component (AddParameter): Name = "ComponentLink1URL"; Value = "http://www.szlcsc.com/product/details_24366.html"; VariantName = "[No Variations]"
Add component (AddParameter): Name = "Notepad"; Value = ""; VariantName = "[No Variations]"
Add component (AddParameter): Name = "Package"; Value = "0603"; VariantName = "[No Variations]"
Add component (AddParameter): Name = "Supplier"; Value = "LC"; VariantName = "[No Variations]"
Add component (AddParameter): Name = "SuppliersPartNumber"; Value = "C23630"; VariantName = "[No Variations]"
Added Component: Designator=C40(C 0603_L)
Add component (AddParameter): Name = "ComponentLink1Description"; Value = "供应商链接"; VariantName = "[No Variations]"
Add component (AddParameter): Name = "ComponentLink1URL"; Value = "http://www.szlcsc.com/product/details_24366.html"; VariantName = "[No Variations]"
Add component (AddParameter): Name = "Notepad"; Value = ""; VariantName = "[No Variations]"
Add component (AddParameter): Name = "Package"; Value = "0603"; VariantName = "[No Variations]"
Add component (AddParameter): Name = "Supplier"; Value = "LC"; VariantName = "[No Variations]"
Add component (AddParameter): Name = "SuppliersPartNumber"; Value = "C23630"; VariantName = "[No Variations]"
Added Component: Designator=C41(C 0603_L)
Add component (AddParameter): Name = "ComponentLink1Description"; Value = "供应商链接"; VariantName = "[No Variations]"
Add component (AddParameter): Name = "ComponentLink1URL"; Value = "http://www.szlcsc.com/product/details_24366.html"; VariantName = "[No Variations]"
Add component (AddParameter): Name = "Notepad"; Value = ""; VariantName = "[No Variations]"
Add component (AddParameter): Name = "Package"; Value = "0603"; VariantName = "[No Variations]"
Add component (AddParameter): Name = "Supplier"; Value = "LC"; VariantName = "[No Variations]"
Add component (AddParameter): Name = "SuppliersPartNumber"; Value = "C23630"; VariantName = "[No Variations]"
Added Component: Designator=C42(C 0603_L)
Add component (AddParameter): Name = "ComponentLink1Description"; Value = "供应商链接"; VariantName = "[No Variations]"
Add component (AddParameter): Name = "ComponentLink1URL"; Value = "http://www.szlcsc.com/product/details_24366.html"; VariantName = "[No Variations]"
Add component (AddParameter): Name = "Notepad"; Value = ""; VariantName = "[No Variations]"
Add component (AddParameter): Name = "Package"; Value = "0603"; VariantName = "[No Variations]"
Add component (AddParameter): Name = "Supplier"; Value = "LC"; VariantName = "[No Variations]"
Add component (AddParameter): Name = "SuppliersPartNumber"; Value = "C23630"; VariantName = "[No Variations]"
Added Component: Designator=C44(CASE-A_3216)
Add component (AddParameter): Name = "ComponentLink1Description"; Value = "供应商链接"; VariantName = "[No Variations]"
Add component (AddParameter): Name = "ComponentLink1URL"; Value = "http://www.szlcsc.com/product/details_7643.html"; VariantName = "[No Variations]"
Add component (AddParameter): Name = "Notepad"; Value = ""; VariantName = "[No Variations]"
Add component (AddParameter): Name = "Package"; Value = "3216"; VariantName = "[No Variations]"
Add component (AddParameter): Name = "Supplier"; Value = "LC"; VariantName = "[No Variations]"
Add component (AddParameter): Name = "SuppliersPartNumber"; Value = "C7171"; VariantName = "[No Variations]"
Added Component: Designator=C45(CASE-A_3216)
Add component (AddParameter): Name = "ComponentLink1Description"; Value = "供应商链接"; VariantName = "[No Variations]"
Add component (AddParameter): Name = "ComponentLink1URL"; Value = "http://www.szlcsc.com/product/details_7643.html"; VariantName = "[No Variations]"
Add component (AddParameter): Name = "Notepad"; Value = ""; VariantName = "[No Variations]"
Add component (AddParameter): Name = "Package"; Value = "3216"; VariantName = "[No Variations]"
Add component (AddParameter): Name = "Supplier"; Value = "LC"; VariantName = "[No Variations]"
Add component (AddParameter): Name = "SuppliersPartNumber"; Value = "C7171"; VariantName = "[No Variations]"
Added Component: Designator=C46(C 0603_L)
Add component (AddParameter): Name = "ComponentLink1Description"; Value = "供应商链接"; VariantName = "[No Variations]"
Add component (AddParameter): Name = "ComponentLink1URL"; Value = "http://www.szlcsc.com/product/details_24366.html"; VariantName = "[No Variations]"
Add component (AddParameter): Name = "Notepad"; Value = ""; VariantName = "[No Variations]"
Add component (AddParameter): Name = "Package"; Value = "0603"; VariantName = "[No Variations]"
Add component (AddParameter): Name = "Supplier"; Value = "LC"; VariantName = "[No Variations]"
Add component (AddParameter): Name = "SuppliersPartNumber"; Value = "C23630"; VariantName = "[No Variations]"
Added Component: Designator=C47(C 0603_L)
Add component (AddParameter): Name = "ComponentLink1Description"; Value = "供应商链接"; VariantName = "[No Variations]"
Add component (AddParameter): Name = "ComponentLink1URL"; Value = "http://www.szlcsc.com/product/details_24366.html"; VariantName = "[No Variations]"
Add component (AddParameter): Name = "Notepad"; Value = ""; VariantName = "[No Variations]"
Add component (AddParameter): Name = "Package"; Value = "0603"; VariantName = "[No Variations]"
Add component (AddParameter): Name = "Supplier"; Value = "LC"; VariantName = "[No Variations]"
Add component (AddParameter): Name = "SuppliersPartNumber"; Value = "C23630"; VariantName = "[No Variations]"
Added Component: Designator=C49(CASE-A_3216)
Add component (AddParameter): Name = "ComponentLink1Description"; Value = "供应商链接"; VariantName = "[No Variations]"
Add component (AddParameter): Name = "ComponentLink1URL"; Value = "http://www.szlcsc.com/product/details_7643.html"; VariantName = "[No Variations]"
Add component (AddParameter): Name = "Notepad"; Value = ""; VariantName = "[No Variations]"
Add component (AddParameter): Name = "Package"; Value = "3216"; VariantName = "[No Variations]"
Add component (AddParameter): Name = "Supplier"; Value = "LC"; VariantName = "[No Variations]"
Add component (AddParameter): Name = "SuppliersPartNumber"; Value = "C7171"; VariantName = "[No Variations]"
Added Component: Designator=C50(C 0603_L)
Add component (AddParameter): Name = "ComponentLink1Description"; Value = "供应商链接"; VariantName = "[No Variations]"
Add component (AddParameter): Name = "ComponentLink1URL"; Value = "http://www.szlcsc.com/product/details_24366.html"; VariantName = "[No Variations]"
Add component (AddParameter): Name = "Notepad"; Value = ""; VariantName = "[No Variations]"
Add component (AddParameter): Name = "Package"; Value = "0603"; VariantName = "[No Variations]"
Add component (AddParameter): Name = "Supplier"; Value = "LC"; VariantName = "[No Variations]"
Add component (AddParameter): Name = "SuppliersPartNumber"; Value = "C23630"; VariantName = "[No Variations]"
Added Component: Designator=C52(CASE-A_3216)
Add component (AddParameter): Name = "ComponentLink1Description"; Value = "供应商链接"; VariantName = "[No Variations]"
Add component (AddParameter): Name = "ComponentLink1URL"; Value = "http://www.szlcsc.com/product/details_7643.html"; VariantName = "[No Variations]"
Add component (AddParameter): Name = "Notepad"; Value = ""; VariantName = "[No Variations]"
Add component (AddParameter): Name = "Package"; Value = "3216"; VariantName = "[No Variations]"
Add component (AddParameter): Name = "Supplier"; Value = "LC"; VariantName = "[No Variations]"
Add component (AddParameter): Name = "SuppliersPartNumber"; Value = "C7171"; VariantName = "[No Variations]"
Added Component: Designator=C53(C 0603_L)
Add component (AddParameter): Name = "ComponentLink1Description"; Value = "供应商链接"; VariantName = "[No Variations]"
Add component (AddParameter): Name = "ComponentLink1URL"; Value = "http://www.szlcsc.com/product/details_24366.html"; VariantName = "[No Variations]"
Add component (AddParameter): Name = "Notepad"; Value = ""; VariantName = "[No Variations]"
Add component (AddParameter): Name = "Package"; Value = "0603"; VariantName = "[No Variations]"
Add component (AddParameter): Name = "Supplier"; Value = "LC"; VariantName = "[No Variations]"
Add component (AddParameter): Name = "SuppliersPartNumber"; Value = "C23630"; VariantName = "[No Variations]"
Added Component: Designator=D1(SMA)
Add component (AddParameter): Name = "ComponentLink1Description"; Value = "Manufacturer Link"; VariantName = "[No Variations]"
Add component (AddParameter): Name = "ComponentLink1URL"; Value = "http://www.fairchildsemi.com/"; VariantName = "[No Variations]"
Add component (AddParameter): Name = "ComponentLink2Description"; Value = "Datasheet"; VariantName = "[No Variations]"
Add component (AddParameter): Name = "ComponentLink2URL"; Value = "http://www.fairchildsemi.com/ds/1N%2F1N5400.pdf"; VariantName = "[No Variations]"
Add component (AddParameter): Name = "DatasheetVersion"; Value = "1998"; VariantName = "[No Variations]"
Add component (AddParameter): Name = "LatestRevisionDate"; Value = "17-Jul-2002"; VariantName = "[No Variations]"
Add component (AddParameter): Name = "LatestRevisionNote"; Value = "Re-released for DXP Platform."; VariantName = "[No Variations]"
Add component (AddParameter): Name = "PackageDescription"; Value = "Diode, Axial; Body 9.5 x 5.6 mm (LxDia. max), Lead Dia. 1.32 mm (max)"; VariantName = "[No Variations]"
Add component (AddParameter): Name = "PackageReference"; Value = "DO-201AD"; VariantName = "[No Variations]"
Add component (AddParameter): Name = "PackageVersion"; Value = "Aug-1999"; VariantName = "[No Variations]"
Add component (AddParameter): Name = "Published"; Value = "8-Jun-2000"; VariantName = "[No Variations]"
Add component (AddParameter): Name = "Publisher"; Value = "Altium Limited"; VariantName = "[No Variations]"
Added Component: Designator=D2(0603_LED_S1)
Add component (AddParameter): Name = "ComponentLink1Description"; Value = "供应商链接"; VariantName = "[No Variations]"
Add component (AddParameter): Name = "ComponentLink1URL"; Value = "http://www.szlcsc.com/product/details_73150.html"; VariantName = "[No Variations]"
Add component (AddParameter): Name = "Notepad"; Value = ""; VariantName = "[No Variations]"
Add component (AddParameter): Name = "Package"; Value = "0603"; VariantName = "[No Variations]"
Add component (AddParameter): Name = "Supplier"; Value = "LC"; VariantName = "[No Variations]"
Add component (AddParameter): Name = "SuppliersPartNumber"; Value = "C72041"; VariantName = "[No Variations]"
Added Component: Designator=D3(0603_LED_S1)
Add component (AddParameter): Name = "ComponentLink1Description"; Value = "供应商链接"; VariantName = "[No Variations]"
Add component (AddParameter): Name = "ComponentLink1URL"; Value = "http://www.szlcsc.com/product/details_73150.html"; VariantName = "[No Variations]"
Add component (AddParameter): Name = "Notepad"; Value = ""; VariantName = "[No Variations]"
Add component (AddParameter): Name = "Package"; Value = "0603"; VariantName = "[No Variations]"
Add component (AddParameter): Name = "Supplier"; Value = "LC"; VariantName = "[No Variations]"
Add component (AddParameter): Name = "SuppliersPartNumber"; Value = "C72041"; VariantName = "[No Variations]"
Added Component: Designator=D6(0603_LED_S1)
Add component (AddParameter): Name = "ComponentLink1Description"; Value = "供应商链接"; VariantName = "[No Variations]"
Add component (AddParameter): Name = "ComponentLink1URL"; Value = "http://www.szlcsc.com/product/details_73150.html"; VariantName = "[No Variations]"
Add component (AddParameter): Name = "Notepad"; Value = ""; VariantName = "[No Variations]"
Add component (AddParameter): Name = "Package"; Value = "0603"; VariantName = "[No Variations]"
Add component (AddParameter): Name = "Supplier"; Value = "LC"; VariantName = "[No Variations]"
Add component (AddParameter): Name = "SuppliersPartNumber"; Value = "C72041"; VariantName = "[No Variations]"
Added Component: Designator=D7(0603_LED_S1)
Add component (AddParameter): Name = "ComponentLink1Description"; Value = "供应商链接"; VariantName = "[No Variations]"
Add component (AddParameter): Name = "ComponentLink1URL"; Value = "http://www.szlcsc.com/product/details_73150.html"; VariantName = "[No Variations]"
Add component (AddParameter): Name = "Notepad"; Value = ""; VariantName = "[No Variations]"
Add component (AddParameter): Name = "Package"; Value = "0603"; VariantName = "[No Variations]"
Add component (AddParameter): Name = "Supplier"; Value = "LC"; VariantName = "[No Variations]"
Add component (AddParameter): Name = "SuppliersPartNumber"; Value = "C72041"; VariantName = "[No Variations]"
Added Component: Designator=DOWN1(USB3.0-2 - duplicate)
Add component (AddParameter): Name = "PCB Footprint"; Value = "CND-USB3A-A"; VariantName = "[No Variations]"
Added Component: Designator=DOWN2(USB3.0-2 - duplicate)
Add component (AddParameter): Name = "PCB Footprint"; Value = "CND-USB3A-A"; VariantName = "[No Variations]"
Added Component: Designator=DOWN3(USB3.0-2 - duplicate)
Add component (AddParameter): Name = "PCB Footprint"; Value = "CND-USB3A-A"; VariantName = "[No Variations]"
Added Component: Designator=DOWN4(USB3.0-2 - duplicate)
Add component (AddParameter): Name = "PCB Footprint"; Value = "CND-USB3A-A"; VariantName = "[No Variations]"
Added Component: Designator=F1(FU 1206)
Add component (AddParameter): Name = "Alternate Manufacturer"; Value = ""; VariantName = "[No Variations]"
Add component (AddParameter): Name = "Alternate PartNumber"; Value = ""; VariantName = "[No Variations]"
Add component (AddParameter): Name = "ComponentLink1Description"; Value = "Datasheet URL"; VariantName = "[No Variations]"
Add component (AddParameter): Name = "ComponentLink1URL"; Value = "http://www.te.com/commerce/DocumentDelivery/DDEController?Action=srchrtrv&DocNm=SCD25536&DocType=Customer+Drawing&DocLang=English"; VariantName = "[No Variations]"
Add component (AddParameter): Name = "CompType"; Value = "Fuse"; VariantName = "[No Variations]"
Add component (AddParameter): Name = "Interrupt_AC"; Value = ""; VariantName = "[No Variations]"
Add component (AddParameter): Name = "Interrupt_DC"; Value = ""; VariantName = "[No Variations]"
Add component (AddParameter): Name = "LatestRevisionDate"; Value = "2015-11-23"; VariantName = "[No Variations]"
Add component (AddParameter): Name = "Manufacturer"; Value = "TE Connectivity"; VariantName = "[No Variations]"
Add component (AddParameter): Name = "MeltingTyp"; Value = ""; VariantName = "[No Variations]"
Add component (AddParameter): Name = "MountType"; Value = "SMT"; VariantName = "[No Variations]"
Add component (AddParameter): Name = "PackageReference"; Value = "1206"; VariantName = "[No Variations]"
Add component (AddParameter): Name = "PartNumber"; Value = "NANOSMDC020F-2"; VariantName = "[No Variations]"
Add component (AddParameter): Name = "Published"; Value = "2009-03-05"; VariantName = "[No Variations]"
Add component (AddParameter): Name = "Publisher"; Value = "Texas Instruments"; VariantName = "[No Variations]"
Add component (AddParameter): Name = "RoHS"; Value = "Y"; VariantName = "[No Variations]"
Add component (AddParameter): Name = "Rtyp_Ohm"; Value = "1.875"; VariantName = "[No Variations]"
Add component (AddParameter): Name = "Supplier 1"; Value = "Digi-Key"; VariantName = "[No Variations]"
Add component (AddParameter): Name = "Supplier 2"; Value = "Mouser"; VariantName = "[No Variations]"
Add component (AddParameter): Name = "Supplier 3"; Value = "Farnell"; VariantName = "[No Variations]"
Add component (AddParameter): Name = "Supplier Part Number 1"; Value = "NANOSMDC020F-2CT-ND"; VariantName = "[No Variations]"
Add component (AddParameter): Name = "Supplier Part Number 2"; Value = "650-NANOSMDC020F-2"; VariantName = "[No Variations]"
Add component (AddParameter): Name = "Supplier Part Number 3"; Value = "1345939"; VariantName = "[No Variations]"
Add component (AddParameter): Name = "SymbolCreator"; Value = "a0412235"; VariantName = "[No Variations]"
Add component (AddParameter): Name = "SymbolVersion"; Value = "2013-04-02"; VariantName = "[No Variations]"
Add component (AddParameter): Name = "VAC_V"; Value = ""; VariantName = "[No Variations]"
Add component (AddParameter): Name = "VDC_V"; Value = "24"; VariantName = "[No Variations]"
Added Component: Designator=LB1(CD43)
Add component (AddParameter): Name = "PCB Footprint"; Value = "LBS-0603"; VariantName = "[No Variations]"
Added Component: Designator=LB2(CD43)
Add component (AddParameter): Name = "PCB Footprint"; Value = "LBS-0603"; VariantName = "[No Variations]"
Added Component: Designator=LB3(CD43)
Add component (AddParameter): Name = "PCB Footprint"; Value = "LBS-0603"; VariantName = "[No Variations]"
Added Component: Designator=LB4(CD43)
Add component (AddParameter): Name = "PCB Footprint"; Value = "LBS-0603"; VariantName = "[No Variations]"
Added Component: Designator=LB7(CD43)
Add component (AddParameter): Name = "PCB Footprint"; Value = "LBS-0603"; VariantName = "[No Variations]"
Added Component: Designator=Q1(SOT23-3L)
Add component (AddParameter): Name = "Channel Mode"; Value = "Enhancement"; VariantName = "[No Variations]"
Add component (AddParameter): Name = "Continuous Drain Current"; Value = "4A"; VariantName = "[No Variations]"
Add component (AddParameter): Name = "Datasheet URL"; Value = "http://www.aosmd.com/res/data_sheets/AO3401A.pdf"; VariantName = "[No Variations]"
Add component (AddParameter): Name = "Datasheet Version"; Value = "Rev. 3, 03/2011"; VariantName = "[No Variations]"
Add component (AddParameter): Name = "Drain Current (Max)"; Value = "4A"; VariantName = "[No Variations]"
Add component (AddParameter): Name = "Drain Efficiency"; Value = "NotRequired%"; VariantName = "[No Variations]"
Add component (AddParameter): Name = "Drain-Source On-Res"; Value = "0.044ohm"; VariantName = "[No Variations]"
Add component (AddParameter): Name = "Drain-Source On-Volt"; Value = "30V"; VariantName = "[No Variations]"
Add component (AddParameter): Name = "Frequency (Max)"; Value = "NotRequiredMHz"; VariantName = "[No Variations]"
Add component (AddParameter): Name = "Gate-Source Voltage (Max)"; Value = "?12V"; VariantName = "[No Variations]"
Add component (AddParameter): Name = "Manufacturer"; Value = "Alpha and Omega"; VariantName = "[No Variations]"
Add component (AddParameter): Name = "Manufacturer URL"; Value = "http://www.aosmd.com/"; VariantName = "[No Variations]"
Add component (AddParameter): Name = "Mounting"; Value = "SurfaceMount"; VariantName = "[No Variations]"
Add component (AddParameter): Name = "Mounting Technology"; Value = "SurfaceMount"; VariantName = "[No Variations]"
Add component (AddParameter): Name = "Noise Figure"; Value = "NotRequireddB"; VariantName = "[No Variations]"
Add component (AddParameter): Name = "Number of  Elements"; Value = "1"; VariantName = "[No Variations]"
Add component (AddParameter): Name = "Operating Temp Range"; Value = "-55Cto150C"; VariantName = "[No Variations]"
Add component (AddParameter): Name = "Operating Temperature Classification"; Value = "Military"; VariantName = "[No Variations]"
Add component (AddParameter): Name = "Output Power (Max)"; Value = "NotRequiredW"; VariantName = "[No Variations]"
Add component (AddParameter): Name = "Package Description"; Value = "3-Pin Small Outline Transistor, Body 2.95 x 1.6 mm, Pitch 0.95 mm"; VariantName = "[No Variations]"
Add component (AddParameter): Name = "Package Reference"; Value = "SOT-23-3L"; VariantName = "[No Variations]"
Add component (AddParameter): Name = "Package Type"; Value = "SOT-23"; VariantName = "[No Variations]"
Add component (AddParameter): Name = "Package URL"; Value = "http://www.aosmd.com/res/packaging_information/SOT-23-3L.pdf"; VariantName = "[No Variations]"
Add component (AddParameter): Name = "Pin Count"; Value = "3"; VariantName = "[No Variations]"
Add component (AddParameter): Name = "Polarity"; Value = "P"; VariantName = "[No Variations]"
Add component (AddParameter): Name = "Power Dissipation"; Value = "1.4W"; VariantName = "[No Variations]"
Add component (AddParameter): Name = "Power Gain"; Value = "NotRequireddB"; VariantName = "[No Variations]"
Add component (AddParameter): Name = "Rad Hardened"; Value = "No"; VariantName = "[No Variations]"
Add component (AddParameter): Name = "Type"; Value = "PowerMOSFET"; VariantName = "[No Variations]"
Added Component: Designator=R1(R 0603_L)
Added Component: Designator=R2(R 0603_L)
Added Component: Designator=R3(R 0603_L)
Added Component: Designator=R5(R 0603_L)
Added Component: Designator=R7(R 0603_L)
Added Component: Designator=R8(R 0603_L)
Added Component: Designator=R10(R 0603_L)
Added Component: Designator=R11(R 0603_L)
Added Component: Designator=R13(R 0603_L)
Added Component: Designator=R15(R 0603_L)
Added Component: Designator=R16(R 0603_L)
Added Component: Designator=R17(R 0603_L)
Added Component: Designator=R18(R 0603_L)
Added Component: Designator=R20(R 0603_L)
Added Component: Designator=R21(R 0603_L)
Added Component: Designator=R22(R 0603_L)
Added Component: Designator=R23(R 0603_L)
Added Component: Designator=R24(R 0603_L)
Added Component: Designator=R25(R 0603_L)
Added Component: Designator=R26(R 0603_L)
Added Component: Designator=R27(R 0603_L)
Added Component: Designator=R28(R 0603_L)
Added Component: Designator=R29(R 0603_L)
Added Component: Designator=R31(R 0603_L)
Added Component: Designator=R32(R 0603_L)
Added Component: Designator=R33(R 0603_L)
Added Component: Designator=R34(R 0603_L)
Added Component: Designator=R35(R 0603_L)
Added Component: Designator=R36(R 0603_L)
Added Component: Designator=U1(DFN4120P10E)
Added Component: Designator=U2(DFN4120P10E)
Added Component: Designator=U3(DFN4120P10E)
Added Component: Designator=U4(SOT23-5L)
Add component (AddParameter): Name = "PCB Footprint"; Value = "I-TSOT23-5P-2_9x1_6x0_95A"; VariantName = "[No Variations]"
Added Component: Designator=U5(DFN4120P10E)
Added Component: Designator=U6(QFN88)
Added Component: Designator=U7(DFN4120P10E)
Added Component: Designator=U8(SOP8W_M)
Add component (AddParameter): Name = "PCB Footprint"; Value = "I-SOP8-1_27A"; VariantName = "[No Variations]"
Added Component: Designator=U9(SOP8_L)
Add component (AddParameter): Name = "PCB Footprint"; Value = "I-SOP8-1_27A"; VariantName = "[No Variations]"
Added Component: Designator=U10(SOP8_L)
Add component (AddParameter): Name = "PCB Footprint"; Value = "I-SOP8-1_27A"; VariantName = "[No Variations]"
Added Component: Designator=USB1(USB_TYPE_C_24P - duplicate)
Added Component: Designator=USB2(USB_TYPE_C_6P)
Add component (AddParameter): Name = "Arrow Part Number"; Value = "TYPE-C-31-M-17"; VariantName = "[No Variations]"
Add component (AddParameter): Name = "Arrow Price/Stock"; Value = ""; VariantName = "[No Variations]"
Add component (AddParameter): Name = "Datasheet Link"; Value = "https://datasheet.lcsc.com/szlcsc/1903211732_Korean-Hroparts-Elec-TYPE-C-31-M-17_C283540.pdf"; VariantName = "[No Variations]"
Add component (AddParameter): Name = "Height"; Value = "3.26mm"; VariantName = "[No Variations]"
Add component (AddParameter): Name = "Manufacturer_Name"; Value = "Korean Hroparts Elec"; VariantName = "[No Variations]"
Add component (AddParameter): Name = "Manufacturer_Part_Number"; Value = "TYPE-C-31-M-17"; VariantName = "[No Variations]"
Add component (AddParameter): Name = "Mouser Part Number"; Value = ""; VariantName = "[No Variations]"
Add component (AddParameter): Name = "Mouser Price/Stock"; Value = ""; VariantName = "[No Variations]"
Added Component: Designator=Y1(OSC 3225-4P)
Add component (AddParameter): Name = "ComponentLink1Description"; Value = "供应商链接"; VariantName = "[No Variations]"
Add component (AddParameter): Name = "ComponentLink1URL"; Value = "http://www.szlcsc.com/product/details_9526.html"; VariantName = "[No Variations]"
Add component (AddParameter): Name = "Notepad"; Value = ""; VariantName = "[No Variations]"
Add component (AddParameter): Name = "Package"; Value = "SMD-3225_4P"; VariantName = "[No Variations]"
Add component (AddParameter): Name = "Supplier"; Value = "LC"; VariantName = "[No Variations]"
Add component (AddParameter): Name = "SuppliersPartNumber"; Value = "C9006"; VariantName = "[No Variations]"
Added Pin To Net: NetName=CC1 Pin=R3-1
Added Pin To Net: NetName=CC1 Pin=USB1-A5
Added Net: Name=CC1
Added Pin To Net: NetName=CC2 Pin=R5-1
Added Pin To Net: NetName=CC2 Pin=USB1-B5
Added Net: Name=CC2
Added Pin To Net: NetName=DP1_DN Pin=DOWN1-2
Added Pin To Net: NetName=DP1_DN Pin=U2-10
Added Pin To Net: NetName=DP1_DN Pin=U6-61
Added Net: Name=DP1_DN
Added Pin To Net: NetName=DP1_DP Pin=DOWN1-3
Added Pin To Net: NetName=DP1_DP Pin=U2-1
Added Pin To Net: NetName=DP1_DP Pin=U6-62
Added Net: Name=DP1_DP
Added Pin To Net: NetName=DP1_RXN Pin=DOWN1-5
Added Pin To Net: NetName=DP1_RXN Pin=U2-6
Added Pin To Net: NetName=DP1_RXN Pin=U6-19
Added Net: Name=DP1_RXN
Added Pin To Net: NetName=DP1_RXP Pin=DOWN1-6
Added Pin To Net: NetName=DP1_RXP Pin=U2-5
Added Pin To Net: NetName=DP1_RXP Pin=U6-20
Added Net: Name=DP1_RXP
Added Pin To Net: NetName=DP1_TXN Pin=DOWN1-8
Added Pin To Net: NetName=DP1_TXN Pin=U2-7
Added Pin To Net: NetName=DP1_TXN Pin=U6-16
Added Net: Name=DP1_TXN
Added Pin To Net: NetName=DP1_TXP Pin=DOWN1-9
Added Pin To Net: NetName=DP1_TXP Pin=U2-4
Added Pin To Net: NetName=DP1_TXP Pin=U6-17
Added Net: Name=DP1_TXP
Added Pin To Net: NetName=DP2_DN Pin=DOWN2-2
Added Pin To Net: NetName=DP2_DN Pin=U3-10
Added Pin To Net: NetName=DP2_DN Pin=U6-64
Added Net: Name=DP2_DN
Added Pin To Net: NetName=DP2_DP Pin=DOWN2-3
Added Pin To Net: NetName=DP2_DP Pin=U3-1
Added Pin To Net: NetName=DP2_DP Pin=U6-65
Added Net: Name=DP2_DP
Added Pin To Net: NetName=DP2_RXN Pin=DOWN2-5
Added Pin To Net: NetName=DP2_RXN Pin=U3-6
Added Pin To Net: NetName=DP2_RXN Pin=U6-27
Added Net: Name=DP2_RXN
Added Pin To Net: NetName=DP2_RXP Pin=DOWN2-6
Added Pin To Net: NetName=DP2_RXP Pin=U3-5
Added Pin To Net: NetName=DP2_RXP Pin=U6-28
Added Net: Name=DP2_RXP
Added Pin To Net: NetName=DP2_TXN Pin=DOWN2-8
Added Pin To Net: NetName=DP2_TXN Pin=U3-7
Added Pin To Net: NetName=DP2_TXN Pin=U6-24
Added Net: Name=DP2_TXN
Added Pin To Net: NetName=DP2_TXP Pin=DOWN2-9
Added Pin To Net: NetName=DP2_TXP Pin=U3-4
Added Pin To Net: NetName=DP2_TXP Pin=U6-25
Added Net: Name=DP2_TXP
Added Pin To Net: NetName=DP3_DN Pin=DOWN3-2
Added Pin To Net: NetName=DP3_DN Pin=U5-10
Added Pin To Net: NetName=DP3_DN Pin=U6-68
Added Net: Name=DP3_DN
Added Pin To Net: NetName=DP3_DP Pin=DOWN3-3
Added Pin To Net: NetName=DP3_DP Pin=U5-1
Added Pin To Net: NetName=DP3_DP Pin=U6-69
Added Net: Name=DP3_DP
Added Pin To Net: NetName=DP3_RXN Pin=DOWN3-5
Added Pin To Net: NetName=DP3_RXN Pin=U5-6
Added Pin To Net: NetName=DP3_RXN Pin=U6-34
Added Net: Name=DP3_RXN
Added Pin To Net: NetName=DP3_RXP Pin=DOWN3-6
Added Pin To Net: NetName=DP3_RXP Pin=U5-5
Added Pin To Net: NetName=DP3_RXP Pin=U6-35
Added Net: Name=DP3_RXP
Added Pin To Net: NetName=DP3_TXN Pin=DOWN3-8
Added Pin To Net: NetName=DP3_TXN Pin=U5-7
Added Pin To Net: NetName=DP3_TXN Pin=U6-31
Added Net: Name=DP3_TXN
Added Pin To Net: NetName=DP3_TXP Pin=DOWN3-9
Added Pin To Net: NetName=DP3_TXP Pin=U5-4
Added Pin To Net: NetName=DP3_TXP Pin=U6-32
Added Net: Name=DP3_TXP
Added Pin To Net: NetName=DP4_DN Pin=DOWN4-2
Added Pin To Net: NetName=DP4_DN Pin=U6-71
Added Pin To Net: NetName=DP4_DN Pin=U7-10
Added Net: Name=DP4_DN
Added Pin To Net: NetName=DP4_DP Pin=DOWN4-3
Added Pin To Net: NetName=DP4_DP Pin=U6-72
Added Pin To Net: NetName=DP4_DP Pin=U7-1
Added Net: Name=DP4_DP
Added Pin To Net: NetName=DP4_RXN Pin=DOWN4-5
Added Pin To Net: NetName=DP4_RXN Pin=U6-41
Added Pin To Net: NetName=DP4_RXN Pin=U7-6
Added Net: Name=DP4_RXN
Added Pin To Net: NetName=DP4_RXP Pin=DOWN4-6
Added Pin To Net: NetName=DP4_RXP Pin=U6-42
Added Pin To Net: NetName=DP4_RXP Pin=U7-5
Added Net: Name=DP4_RXP
Added Pin To Net: NetName=DP4_TXN Pin=DOWN4-8
Added Pin To Net: NetName=DP4_TXN Pin=U6-38
Added Pin To Net: NetName=DP4_TXN Pin=U7-7
Added Net: Name=DP4_TXN
Added Pin To Net: NetName=DP4_TXP Pin=DOWN4-9
Added Pin To Net: NetName=DP4_TXP Pin=U6-39
Added Pin To Net: NetName=DP4_TXP Pin=U7-4
Added Net: Name=DP4_TXP
Added Pin To Net: NetName=GND Pin=C2-2
Added Pin To Net: NetName=GND Pin=C3-2
Added Pin To Net: NetName=GND Pin=C4-2
Added Pin To Net: NetName=GND Pin=C5-2
Added Pin To Net: NetName=GND Pin=C6-1
Added Pin To Net: NetName=GND Pin=C7-1
Added Pin To Net: NetName=GND Pin=C12-1
Added Pin To Net: NetName=GND Pin=C13-1
Added Pin To Net: NetName=GND Pin=C14-1
Added Pin To Net: NetName=GND Pin=C15-1
Added Pin To Net: NetName=GND Pin=C16-2
Added Pin To Net: NetName=GND Pin=C17-1
Added Pin To Net: NetName=GND Pin=C19-2
Added Pin To Net: NetName=GND Pin=C20-2
Added Pin To Net: NetName=GND Pin=C21-1
Added Pin To Net: NetName=GND Pin=C22-1
Added Pin To Net: NetName=GND Pin=C23-1
Added Pin To Net: NetName=GND Pin=C24-1
Added Pin To Net: NetName=GND Pin=C25-1
Added Pin To Net: NetName=GND Pin=C26-1
Added Pin To Net: NetName=GND Pin=C27-1
Added Pin To Net: NetName=GND Pin=C29-1
Added Pin To Net: NetName=GND Pin=C30-1
Added Pin To Net: NetName=GND Pin=C31-1
Added Pin To Net: NetName=GND Pin=C32-1
Added Pin To Net: NetName=GND Pin=C33-1
Added Pin To Net: NetName=GND Pin=C34-1
Added Pin To Net: NetName=GND Pin=C35-1
Added Pin To Net: NetName=GND Pin=C36-1
Added Pin To Net: NetName=GND Pin=C37-1
Added Pin To Net: NetName=GND Pin=C38-2
Added Pin To Net: NetName=GND Pin=C39-1
Added Pin To Net: NetName=GND Pin=C40-1
Added Pin To Net: NetName=GND Pin=C41-1
Added Pin To Net: NetName=GND Pin=C42-1
Added Pin To Net: NetName=GND Pin=C44-2
Added Pin To Net: NetName=GND Pin=C45-2
Added Pin To Net: NetName=GND Pin=C47-1
Added Pin To Net: NetName=GND Pin=C49-2
Added Pin To Net: NetName=GND Pin=C50-1
Added Pin To Net: NetName=GND Pin=C52-2
Added Pin To Net: NetName=GND Pin=C53-1
Added Pin To Net: NetName=GND Pin=DOWN1-4
Added Pin To Net: NetName=GND Pin=DOWN1-7
Added Pin To Net: NetName=GND Pin=DOWN2-4
Added Pin To Net: NetName=GND Pin=DOWN2-7
Added Pin To Net: NetName=GND Pin=DOWN3-4
Added Pin To Net: NetName=GND Pin=DOWN3-7
Added Pin To Net: NetName=GND Pin=DOWN4-4
Added Pin To Net: NetName=GND Pin=DOWN4-7
Added Pin To Net: NetName=GND Pin=R1-2
Added Pin To Net: NetName=GND Pin=R3-2
Added Pin To Net: NetName=GND Pin=R5-2
Added Pin To Net: NetName=GND Pin=R10-1
Added Pin To Net: NetName=GND Pin=R13-2
Added Pin To Net: NetName=GND Pin=R15-1
Added Pin To Net: NetName=GND Pin=R16-1
Added Pin To Net: NetName=GND Pin=R17-1
Added Pin To Net: NetName=GND Pin=R18-1
Added Pin To Net: NetName=GND Pin=R31-2
Added Pin To Net: NetName=GND Pin=R32-2
Added Pin To Net: NetName=GND Pin=R33-2
Added Pin To Net: NetName=GND Pin=R34-2
Added Pin To Net: NetName=GND Pin=R35-2
Added Pin To Net: NetName=GND Pin=R36-2
Added Pin To Net: NetName=GND Pin=U1-9
Added Pin To Net: NetName=GND Pin=U1-11
Added Pin To Net: NetName=GND Pin=U2-9
Added Pin To Net: NetName=GND Pin=U2-11
Added Pin To Net: NetName=GND Pin=U3-9
Added Pin To Net: NetName=GND Pin=U3-11
Added Pin To Net: NetName=GND Pin=U4-2
Added Pin To Net: NetName=GND Pin=U5-9
Added Pin To Net: NetName=GND Pin=U5-11
Added Pin To Net: NetName=GND Pin=U6-11
Added Pin To Net: NetName=GND Pin=U6-18
Added Pin To Net: NetName=GND Pin=U6-26
Added Pin To Net: NetName=GND Pin=U6-33
Added Pin To Net: NetName=GND Pin=U6-40
Added Pin To Net: NetName=GND Pin=U6-67
Added Pin To Net: NetName=GND Pin=U6-G1
Added Pin To Net: NetName=GND Pin=U7-9
Added Pin To Net: NetName=GND Pin=U7-11
Added Pin To Net: NetName=GND Pin=U8-4
Added Pin To Net: NetName=GND Pin=U9-6
Added Pin To Net: NetName=GND Pin=U10-6
Added Pin To Net: NetName=GND Pin=USB1-1
Added Pin To Net: NetName=GND Pin=USB1-2
Added Pin To Net: NetName=GND Pin=USB1-3
Added Pin To Net: NetName=GND Pin=USB1-4
Added Pin To Net: NetName=GND Pin=USB1-A1
Added Pin To Net: NetName=GND Pin=USB1-A12
Added Pin To Net: NetName=GND Pin=USB1-B1
Added Pin To Net: NetName=GND Pin=USB1-B12
Added Pin To Net: NetName=GND Pin=USB2-A12
Added Pin To Net: NetName=GND Pin=USB2-B12
Added Pin To Net: NetName=GND Pin=USB2-MH1
Added Pin To Net: NetName=GND Pin=USB2-MH2
Added Pin To Net: NetName=GND Pin=USB2-MH3
Added Pin To Net: NetName=GND Pin=USB2-MH4
Added Net: Name=GND
Added Pin To Net: NetName=NetC1_1 Pin=C1-1
Added Pin To Net: NetName=NetC1_1 Pin=USB1-A2
Added Net: Name=NetC1_1
Added Pin To Net: NetName=NetC8_1 Pin=C8-1
Added Pin To Net: NetName=NetC8_1 Pin=USB1-A3
Added Net: Name=NetC8_1
Added Pin To Net: NetName=NetC9_2 Pin=C9-2
Added Pin To Net: NetName=NetC9_2 Pin=USB1-B3
Added Net: Name=NetC9_2
Added Pin To Net: NetName=NetC10_2 Pin=C10-2
Added Pin To Net: NetName=NetC10_2 Pin=USB1-B2
Added Net: Name=NetC10_2
Added Pin To Net: NetName=NetC46_1 Pin=C46-1
Added Pin To Net: NetName=NetC46_1 Pin=R11-2
Added Pin To Net: NetName=NetC46_1 Pin=R13-1
Added Pin To Net: NetName=NetC46_1 Pin=U4-5
Added Net: Name=NetC46_1
Added Pin To Net: NetName=NetD2_K Pin=D2-K
Added Pin To Net: NetName=NetD2_K Pin=R15-2
Added Net: Name=NetD2_K
Added Pin To Net: NetName=NetD3_K Pin=D3-K
Added Pin To Net: NetName=NetD3_K Pin=R16-2
Added Net: Name=NetD3_K
Added Pin To Net: NetName=NetD6_K Pin=D6-K
Added Pin To Net: NetName=NetD6_K Pin=R17-2
Added Net: Name=NetD6_K
Added Pin To Net: NetName=NetD7_K Pin=D7-K
Added Pin To Net: NetName=NetD7_K Pin=R18-2
Added Net: Name=NetD7_K
Added Pin To Net: NetName=NetF1_2 Pin=F1-2
Added Pin To Net: NetName=NetF1_2 Pin=LB1-2
Added Net: Name=NetF1_2
Added Pin To Net: NetName=NetLB7_1 Pin=LB7-1
Added Pin To Net: NetName=NetLB7_1 Pin=U4-3
Added Net: Name=NetLB7_1
Added Pin To Net: NetName=NetR20_2 Pin=R20-2
Added Pin To Net: NetName=NetR20_2 Pin=U8-3
Added Net: Name=NetR20_2
Added Pin To Net: NetName=NetR21_1 Pin=R21-1
Added Pin To Net: NetName=NetR21_1 Pin=U8-7
Added Net: Name=NetR21_1
Added Pin To Net: NetName=OVCUR1# Pin=R23-2
Added Pin To Net: NetName=OVCUR1# Pin=U6-78
Added Pin To Net: NetName=OVCUR1# Pin=U9-2
Added Net: Name=OVCUR1#
Added Pin To Net: NetName=OVCUR2# Pin=R24-2
Added Pin To Net: NetName=OVCUR2# Pin=U6-45
Added Pin To Net: NetName=OVCUR2# Pin=U9-3
Added Net: Name=OVCUR2#
Added Pin To Net: NetName=OVCUR3# Pin=R27-2
Added Pin To Net: NetName=OVCUR3# Pin=U6-77
Added Pin To Net: NetName=OVCUR3# Pin=U10-2
Added Net: Name=OVCUR3#
Added Pin To Net: NetName=OVCUR4# Pin=R28-2
Added Pin To Net: NetName=OVCUR4# Pin=U6-54
Added Pin To Net: NetName=OVCUR4# Pin=U10-3
Added Net: Name=OVCUR4#
Added Pin To Net: NetName=PGANG Pin=R35-1
Added Pin To Net: NetName=PGANG Pin=U6-74
Added Net: Name=PGANG
Added Pin To Net: NetName=PGREEN1 Pin=D2-A
Added Pin To Net: NetName=PGREEN1 Pin=U6-79
Added Net: Name=PGREEN1
Added Pin To Net: NetName=PGREEN2 Pin=D6-A
Added Pin To Net: NetName=PGREEN2 Pin=U6-84
Added Net: Name=PGREEN2
Added Pin To Net: NetName=PGREEN3 Pin=D3-A
Added Pin To Net: NetName=PGREEN3 Pin=U6-48
Added Net: Name=PGREEN3
Added Pin To Net: NetName=PGREEN4 Pin=D7-A
Added Pin To Net: NetName=PGREEN4 Pin=U6-88
Added Net: Name=PGREEN4
Added Pin To Net: NetName=PSELF Pin=Q1-1
Added Pin To Net: NetName=PSELF Pin=U6-82
Added Net: Name=PSELF
Added Pin To Net: NetName=PWREN1# Pin=R22-2
Added Pin To Net: NetName=PWREN1# Pin=R31-1
Added Pin To Net: NetName=PWREN1# Pin=U6-53
Added Pin To Net: NetName=PWREN1# Pin=U9-1
Added Net: Name=PWREN1#
Added Pin To Net: NetName=PWREN2# Pin=R25-2
Added Pin To Net: NetName=PWREN2# Pin=R32-1
Added Pin To Net: NetName=PWREN2# Pin=U6-46
Added Pin To Net: NetName=PWREN2# Pin=U9-4
Added Net: Name=PWREN2#
Added Pin To Net: NetName=PWREN3# Pin=R26-2
Added Pin To Net: NetName=PWREN3# Pin=R33-1
Added Pin To Net: NetName=PWREN3# Pin=U6-47
Added Pin To Net: NetName=PWREN3# Pin=U10-1
Added Net: Name=PWREN3#
Added Pin To Net: NetName=PWREN4# Pin=R29-2
Added Pin To Net: NetName=PWREN4# Pin=R34-1
Added Pin To Net: NetName=PWREN4# Pin=U6-2
Added Pin To Net: NetName=PWREN4# Pin=U10-4
Added Net: Name=PWREN4#
Added Pin To Net: NetName=RESET Pin=C40-2
Added Pin To Net: NetName=RESET Pin=R7-1
Added Pin To Net: NetName=RESET Pin=R10-2
Added Pin To Net: NetName=RESET Pin=U6-83
Added Net: Name=RESET
Added Pin To Net: NetName=RTERM Pin=R36-1
Added Pin To Net: NetName=RTERM Pin=U6-3
Added Net: Name=RTERM
Added Pin To Net: NetName=SPI_CLK Pin=U6-50
Added Pin To Net: NetName=SPI_CLK Pin=U8-6
Added Net: Name=SPI_CLK
Added Pin To Net: NetName=SPI_CZ Pin=U6-51
Added Pin To Net: NetName=SPI_CZ Pin=U8-1
Added Net: Name=SPI_CZ
Added Pin To Net: NetName=SPI_DI Pin=U6-81
Added Pin To Net: NetName=SPI_DI Pin=U8-5
Added Net: Name=SPI_DI
Added Pin To Net: NetName=SPI_DO Pin=U6-80
Added Pin To Net: NetName=SPI_DO Pin=U8-2
Added Net: Name=SPI_DO
Added Pin To Net: NetName=UP_DN Pin=U1-4
Added Pin To Net: NetName=UP_DN Pin=U6-59
Added Pin To Net: NetName=UP_DN Pin=USB1-A7
Added Pin To Net: NetName=UP_DN Pin=USB1-B7
Added Net: Name=UP_DN
Added Pin To Net: NetName=UP_DP Pin=U1-7
Added Pin To Net: NetName=UP_DP Pin=U6-60
Added Pin To Net: NetName=UP_DP Pin=USB1-A6
Added Pin To Net: NetName=UP_DP Pin=USB1-B6
Added Net: Name=UP_DP
Added Pin To Net: NetName=UP_RXN Pin=U1-10
Added Pin To Net: NetName=UP_RXN Pin=U6-12
Added Pin To Net: NetName=UP_RXN Pin=USB1-A10
Added Pin To Net: NetName=UP_RXN Pin=USB1-B10
Added Net: Name=UP_RXN
Added Pin To Net: NetName=UP_RXP Pin=U1-1
Added Pin To Net: NetName=UP_RXP Pin=U6-13
Added Pin To Net: NetName=UP_RXP Pin=USB1-A11
Added Pin To Net: NetName=UP_RXP Pin=USB1-B11
Added Net: Name=UP_RXP
Added Pin To Net: NetName=UP_TXN Pin=C8-2
Added Pin To Net: NetName=UP_TXN Pin=C9-1
Added Pin To Net: NetName=UP_TXN Pin=U1-5
Added Pin To Net: NetName=UP_TXN Pin=U6-9
Added Net: Name=UP_TXN
Added Pin To Net: NetName=UP_TXP Pin=C1-2
Added Pin To Net: NetName=UP_TXP Pin=C10-1
Added Pin To Net: NetName=UP_TXP Pin=U1-6
Added Pin To Net: NetName=UP_TXP Pin=U6-10
Added Net: Name=UP_TXP
Added Pin To Net: NetName=VAUX1 Pin=LB4-1
Added Pin To Net: NetName=VAUX1 Pin=USB2-A9
Added Pin To Net: NetName=VAUX1 Pin=USB2-B9
Added Net: Name=VAUX1
Added Pin To Net: NetName=VAUX Pin=C2-1
Added Pin To Net: NetName=VAUX Pin=C6-2
Added Pin To Net: NetName=VAUX Pin=D1-1
Added Pin To Net: NetName=VAUX Pin=LB4-2
Added Pin To Net: NetName=VAUX Pin=R1-1
Added Pin To Net: NetName=VAUX Pin=R2-2
Added Net: Name=VAUX
Added Pin To Net: NetName=VCC Pin=C19-1
Added Pin To Net: NetName=VCC Pin=C24-2
Added Pin To Net: NetName=VCC Pin=C44-1
Added Pin To Net: NetName=VCC Pin=D1-2
Added Pin To Net: NetName=VCC Pin=Q1-2
Added Pin To Net: NetName=VCC Pin=R7-2
Added Pin To Net: NetName=VCC Pin=U1-2
Added Pin To Net: NetName=VCC Pin=U4-1
Added Pin To Net: NetName=VCC Pin=U4-4
Added Pin To Net: NetName=VCC Pin=U6-86
Added Pin To Net: NetName=VCC Pin=U9-7
Added Pin To Net: NetName=VCC Pin=U10-7
Added Net: Name=VCC
Added Pin To Net: NetName=VD12 Pin=C12-2
Added Pin To Net: NetName=VD12 Pin=C13-2
Added Pin To Net: NetName=VD12 Pin=C14-2
Added Pin To Net: NetName=VD12 Pin=C15-2
Added Pin To Net: NetName=VD12 Pin=C45-1
Added Pin To Net: NetName=VD12 Pin=C46-2
Added Pin To Net: NetName=VD12 Pin=C47-2
Added Pin To Net: NetName=VD12 Pin=LB2-1
Added Pin To Net: NetName=VD12 Pin=LB7-2
Added Pin To Net: NetName=VD12 Pin=R11-1
Added Pin To Net: NetName=VD12 Pin=U6-44
Added Pin To Net: NetName=VD12 Pin=U6-49
Added Pin To Net: NetName=VD12 Pin=U6-57
Added Pin To Net: NetName=VD12 Pin=U6-75
Added Net: Name=VD12
Added Pin To Net: NetName=VD33 Pin=C4-1
Added Pin To Net: NetName=VD33 Pin=C20-1
Added Pin To Net: NetName=VD33 Pin=C25-2
Added Pin To Net: NetName=VD33 Pin=C26-2
Added Pin To Net: NetName=VD33 Pin=C27-2
Added Pin To Net: NetName=VD33 Pin=LB3-1
Added Pin To Net: NetName=VD33 Pin=R20-1
Added Pin To Net: NetName=VD33 Pin=R21-2
Added Pin To Net: NetName=VD33 Pin=R22-1
Added Pin To Net: NetName=VD33 Pin=R23-1
Added Pin To Net: NetName=VD33 Pin=R24-1
Added Pin To Net: NetName=VD33 Pin=R25-1
Added Pin To Net: NetName=VD33 Pin=R26-1
Added Pin To Net: NetName=VD33 Pin=R27-1
Added Pin To Net: NetName=VD33 Pin=R28-1
Added Pin To Net: NetName=VD33 Pin=R29-1
Added Pin To Net: NetName=VD33 Pin=U6-58
Added Pin To Net: NetName=VD33 Pin=U6-73
Added Pin To Net: NetName=VD33 Pin=U6-85
Added Pin To Net: NetName=VD33 Pin=U8-8
Added Net: Name=VD33
Added Pin To Net: NetName=VDP1 Pin=C16-1
Added Pin To Net: NetName=VDP1 Pin=C17-2
Added Pin To Net: NetName=VDP1 Pin=DOWN1-1
Added Pin To Net: NetName=VDP1 Pin=U2-2
Added Pin To Net: NetName=VDP1 Pin=U9-8
Added Net: Name=VDP1
Added Pin To Net: NetName=VDP2 Pin=C38-1
Added Pin To Net: NetName=VDP2 Pin=C39-2
Added Pin To Net: NetName=VDP2 Pin=DOWN2-1
Added Pin To Net: NetName=VDP2 Pin=U3-2
Added Pin To Net: NetName=VDP2 Pin=U9-5
Added Net: Name=VDP2
Added Pin To Net: NetName=VDP3 Pin=C49-1
Added Pin To Net: NetName=VDP3 Pin=C50-2
Added Pin To Net: NetName=VDP3 Pin=DOWN3-1
Added Pin To Net: NetName=VDP3 Pin=U5-2
Added Pin To Net: NetName=VDP3 Pin=U10-5
Added Pin To Net: NetName=VDP3 Pin=U10-8
Added Net: Name=VDP3
Added Pin To Net: NetName=VDP4 Pin=C52-1
Added Pin To Net: NetName=VDP4 Pin=C53-2
Added Pin To Net: NetName=VDP4 Pin=DOWN4-1
Added Pin To Net: NetName=VDP4 Pin=U7-2
Added Net: Name=VDP4
Added Pin To Net: NetName=VMAIN1 Pin=LB1-1
Added Pin To Net: NetName=VMAIN1 Pin=USB1-A4
Added Pin To Net: NetName=VMAIN1 Pin=USB1-A9
Added Pin To Net: NetName=VMAIN1 Pin=USB1-B4
Added Pin To Net: NetName=VMAIN1 Pin=USB1-B9
Added Net: Name=VMAIN1
Added Pin To Net: NetName=VMAIN Pin=C3-1
Added Pin To Net: NetName=VMAIN Pin=C7-2
Added Pin To Net: NetName=VMAIN Pin=F1-1
Added Pin To Net: NetName=VMAIN Pin=Q1-3
Added Pin To Net: NetName=VMAIN Pin=U6-55
Added Net: Name=VMAIN
Added Pin To Net: NetName=VP12 Pin=C29-2
Added Pin To Net: NetName=VP12 Pin=C30-2
Added Pin To Net: NetName=VP12 Pin=C31-2
Added Pin To Net: NetName=VP12 Pin=C32-2
Added Pin To Net: NetName=VP12 Pin=C33-2
Added Pin To Net: NetName=VP12 Pin=C34-2
Added Pin To Net: NetName=VP12 Pin=C35-2
Added Pin To Net: NetName=VP12 Pin=C36-2
Added Pin To Net: NetName=VP12 Pin=C37-2
Added Pin To Net: NetName=VP12 Pin=LB2-2
Added Pin To Net: NetName=VP12 Pin=U6-14
Added Pin To Net: NetName=VP12 Pin=U6-15
Added Pin To Net: NetName=VP12 Pin=U6-21
Added Pin To Net: NetName=VP12 Pin=U6-23
Added Pin To Net: NetName=VP12 Pin=U6-29
Added Pin To Net: NetName=VP12 Pin=U6-30
Added Pin To Net: NetName=VP12 Pin=U6-36
Added Pin To Net: NetName=VP12 Pin=U6-37
Added Pin To Net: NetName=VP12 Pin=U6-43
Added Net: Name=VP12
Added Pin To Net: NetName=VP33 Pin=C5-1
Added Pin To Net: NetName=VP33 Pin=C21-2
Added Pin To Net: NetName=VP33 Pin=C22-2
Added Pin To Net: NetName=VP33 Pin=C23-2
Added Pin To Net: NetName=VP33 Pin=LB3-2
Added Pin To Net: NetName=VP33 Pin=U6-63
Added Pin To Net: NetName=VP33 Pin=U6-66
Added Pin To Net: NetName=VP33 Pin=U6-70
Added Net: Name=VP33
Added Pin To Net: NetName=X1 Pin=C41-2
Added Pin To Net: NetName=X1 Pin=R8-1
Added Pin To Net: NetName=X1 Pin=U6-6
Added Pin To Net: NetName=X1 Pin=Y1-1
Added Net: Name=X1
Added Pin To Net: NetName=X2 Pin=C42-2
Added Pin To Net: NetName=X2 Pin=R8-2
Added Pin To Net: NetName=X2 Pin=U6-7
Added Pin To Net: NetName=X2 Pin=Y1-3
Added Net: Name=X2
