Added Component: Designator=U6(QFN88)
Added Pin To Net: NetName=PAMBER4 Pin=U6-1
Added Pin To Net: NetName=PWREN4# Pin=U6-2
Added Pin To Net: NetName=RTERM Pin=U6-3
Added Pin To Net: NetName=X1 Pin=U6-6
Added Pin To Net: NetName=X2 Pin=U6-7
Added Pin To Net: NetName=UP_TXN Pin=U6-9
Added Pin To Net: NetName=UP_TXP Pin=U6-10
Added Pin To Net: NetName=GND Pin=U6-11
Added Pin To Net: NetName=UP_RXN Pin=U6-12
Added Pin To Net: NetName=UP_RXP Pin=U6-13
Added Pin To Net: NetName=VP12 Pin=U6-14
Added Pin To Net: NetName=VP12 Pin=U6-15
Added Pin To Net: NetName=DP1_TXN Pin=U6-16
Added Pin To Net: NetName=DP1_TXP Pin=U6-17
Added Pin To Net: NetName=GND Pin=U6-18
Added Pin To Net: NetName=DP1_RXN Pin=U6-19
Added Pin To Net: NetName=DP1_RXP Pin=U6-20
Added Pin To Net: NetName=VP12 Pin=U6-21
Added Pin To Net: NetName=VP12 Pin=U6-23
Added Pin To Net: NetName=DP2_TXN Pin=U6-24
Added Pin To Net: NetName=DP2_TXP Pin=U6-25
Added Pin To Net: NetName=GND Pin=U6-26
Added Pin To Net: NetName=DP2_RXN Pin=U6-27
Added Pin To Net: NetName=DP2_RXP Pin=U6-28
Added Pin To Net: NetName=VP12 Pin=U6-29
Added Pin To Net: NetName=VP12 Pin=U6-30
Added Pin To Net: NetName=DP3_TXN Pin=U6-31
Added Pin To Net: NetName=DP3_TXP Pin=U6-32
Added Pin To Net: NetName=GND Pin=U6-33
Added Pin To Net: NetName=DP3_RXN Pin=U6-34
Added Pin To Net: NetName=DP3_RXP Pin=U6-35
Added Pin To Net: NetName=VP12 Pin=U6-36
Added Pin To Net: NetName=VP12 Pin=U6-37
Added Pin To Net: NetName=DP4_TXN Pin=U6-38
Added Pin To Net: NetName=DP4_TXP Pin=U6-39
Added Pin To Net: NetName=GND Pin=U6-40
Added Pin To Net: NetName=DP4_RXN Pin=U6-41
Added Pin To Net: NetName=DP4_RXP Pin=U6-42
Added Pin To Net: NetName=VP12 Pin=U6-43
Added Pin To Net: NetName=VD12 Pin=U6-44
Added Pin To Net: NetName=OVCUR2# Pin=U6-45
Added Pin To Net: NetName=PWREN2# Pin=U6-46
Added Pin To Net: NetName=PWREN3# Pin=U6-47
Added Pin To Net: NetName=PGREEN3 Pin=U6-48
Added Pin To Net: NetName=VD12 Pin=U6-49
Added Pin To Net: NetName=SPI_CLK Pin=U6-50
Added Pin To Net: NetName=SPI_CZ Pin=U6-51
Added Pin To Net: NetName=PAMBER1 Pin=U6-52
Added Pin To Net: NetName=PWREN1# Pin=U6-53
Added Pin To Net: NetName=OVCUR4# Pin=U6-54
Added Pin To Net: NetName=VMAIN1 Pin=U6-55
Added Pin To Net: NetName=PAMBER3 Pin=U6-56
Added Pin To Net: NetName=VD12 Pin=U6-57
Added Pin To Net: NetName=VD33 Pin=U6-58
Added Pin To Net: NetName=UP_DN Pin=U6-59
Added Pin To Net: NetName=UP_DP Pin=U6-60
Added Pin To Net: NetName=DP1_DN Pin=U6-61
Added Pin To Net: NetName=DP1_DP Pin=U6-62
Added Pin To Net: NetName=VP33 Pin=U6-63
Added Pin To Net: NetName=DP2_DN Pin=U6-64
Added Pin To Net: NetName=DP2_DP Pin=U6-65
Added Pin To Net: NetName=VP33 Pin=U6-66
Added Pin To Net: NetName=GND Pin=U6-67
Added Pin To Net: NetName=DP3_DN Pin=U6-68
Added Pin To Net: NetName=DP3_DP Pin=U6-69
Added Pin To Net: NetName=VP33 Pin=U6-70
Added Pin To Net: NetName=DP4_DN Pin=U6-71
Added Pin To Net: NetName=DP4_DP Pin=U6-72
Added Pin To Net: NetName=VD33 Pin=U6-73
Added Pin To Net: NetName=PGANG Pin=U6-74
Added Pin To Net: NetName=VD12 Pin=U6-75
Added Pin To Net: NetName=OVCUR3# Pin=U6-77
Added Pin To Net: NetName=OVCUR1# Pin=U6-78
Added Pin To Net: NetName=PGREEN1 Pin=U6-79
Added Pin To Net: NetName=SPI_DO Pin=U6-80
Added Pin To Net: NetName=SPI_DI Pin=U6-81
Added Pin To Net: NetName=PSELF Pin=U6-82
Added Pin To Net: NetName=RESET Pin=U6-83
Added Pin To Net: NetName=PGREEN2 Pin=U6-84
Added Pin To Net: NetName=VD33 Pin=U6-85
Added Pin To Net: NetName=VCC Pin=U6-86
Added Pin To Net: NetName=PAMBER2 Pin=U6-87
Added Pin To Net: NetName=PGREEN4 Pin=U6-88
Added Pin To Net: NetName=GND Pin=U6-G1
