Removed Pin From Net: NetName=DP1_DN Pin=U2-1
Removed Pin From Net: NetName=DP1_TXP Pin=U2-4
Removed Pin From Net: NetName=DP1_TXN Pin=U2-7
Removed Pin From Net: NetName=DP1_DP Pin=U2-10
Removed Pin From Net: NetName=DP2_DN Pin=U3-1
Removed Pin From Net: NetName=DP2_TXP Pin=U3-4
Removed Pin From Net: NetName=DP2_TXN Pin=U3-7
Removed Pin From Net: NetName=DP2_DP Pin=U3-10
Removed Pin From Net: NetName=DP3_DN Pin=U5-1
Removed Pin From Net: NetName=DP3_TXP Pin=U5-4
Removed Pin From Net: NetName=DP3_TXN Pin=U5-7
Removed Pin From Net: NetName=DP3_DP Pin=U5-10
Removed Pin From Net: NetName=DP4_DN Pin=U7-1
Removed Pin From Net: NetName=DP4_TXP Pin=U7-4
Removed Pin From Net: NetName=DP4_TXN Pin=U7-7
Removed Pin From Net: NetName=DP4_DP Pin=U7-10
Added Pin To Net: NetName=DP1_TXP Pin=U2-1
Added Pin To Net: NetName=DP1_DN Pin=U2-4
Added Pin To Net: NetName=DP1_DP Pin=U2-7
Added Pin To Net: NetName=DP1_TXN Pin=U2-10
Added Pin To Net: NetName=DP2_TXP Pin=U3-1
Added Pin To Net: NetName=DP2_DN Pin=U3-4
Added Pin To Net: NetName=DP2_DP Pin=U3-7
Added Pin To Net: NetName=DP2_TXN Pin=U3-10
Added Pin To Net: NetName=DP3_TXP Pin=U5-1
Added Pin To Net: NetName=DP3_DN Pin=U5-4
Added Pin To Net: NetName=DP3_DP Pin=U5-7
Added Pin To Net: NetName=DP3_TXN Pin=U5-10
Added Pin To Net: NetName=DP4_TXP Pin=U7-1
Added Pin To Net: NetName=DP4_DN Pin=U7-4
Added Pin To Net: NetName=DP4_DP Pin=U7-7
Added Pin To Net: NetName=DP4_TXN Pin=U7-10
Added Room: Name=GL3520 4 Ports
