Removed Pin From Net: NetName=UP_TXP Pin=C1-2
Removed Pin From Net: NetName=UP_TXN Pin=C8-2
Removed Member From Class: ClassName=GL3520 4 Ports Member=C47
Removed Member From Class: ClassName=GL3520 4 Ports Member=C53
Removed Member From Class: ClassName=GL3520 4 Ports Member=LB7
Change Component Designator: OldDesignator=C3 NewDesignator=C1
Change Component Designator: OldDesignator=C4 NewDesignator=C5
Change Component Designator: OldDesignator=C5 NewDesignator=C6
Change Component Designator: OldDesignator=C6 NewDesignator=C4
Change Component Designator: OldDesignator=C7 NewDesignator=C3
Change Component Designator: OldDesignator=C9 NewDesignator=C7
Change Component Designator: OldDesignator=C10 NewDesignator=C8
Change Component Designator: OldDesignator=C12 NewDesignator=C9
Change Component Designator: OldDesignator=C13 NewDesignator=C10
Change Component Designator: OldDesignator=C14 NewDesignator=C11
Change Component Designator: OldDesignator=C15 NewDesignator=C12
Change Component Designator: OldDesignator=C16 NewDesignator=C13
Change Component Designator: OldDesignator=C17 NewDesignator=C14
Change Component Designator: OldDesignator=C19 NewDesignator=C15
Change Component Designator: OldDesignator=C20 NewDesignator=C16
Change Component Designator: OldDesignator=C21 NewDesignator=C18
Change Component Designator: OldDesignator=C22 NewDesignator=C19
Change Component Designator: OldDesignator=C23 NewDesignator=C17
Change Component Designator: OldDesignator=C24 NewDesignator=C20
Change Component Designator: OldDesignator=C25 NewDesignator=C21
Change Component Designator: OldDesignator=C26 NewDesignator=C22
Change Component Designator: OldDesignator=C27 NewDesignator=C23
Change Component Designator: OldDesignator=C29 NewDesignator=C24
Change Component Designator: OldDesignator=C30 NewDesignator=C25
Change Component Designator: OldDesignator=C31 NewDesignator=C26
Change Component Designator: OldDesignator=C32 NewDesignator=C27
Change Component Designator: OldDesignator=C33 NewDesignator=C28
Change Component Designator: OldDesignator=C34 NewDesignator=C29
Change Component Designator: OldDesignator=C35 NewDesignator=C30
Change Component Designator: OldDesignator=C36 NewDesignator=C31
Change Component Designator: OldDesignator=C37 NewDesignator=C32
Change Component Designator: OldDesignator=C38 NewDesignator=C33
Change Component Designator: OldDesignator=C39 NewDesignator=C34
Change Component Designator: OldDesignator=C40 NewDesignator=C35
Change Component Designator: OldDesignator=C41 NewDesignator=C36
Change Component Designator: OldDesignator=C42 NewDesignator=C37
Change Component Designator: OldDesignator=C44 NewDesignator=C38
Change Component Designator: OldDesignator=C45 NewDesignator=C39
Change Component Designator: OldDesignator=C46 NewDesignator=C40
Change Component Designator: OldDesignator=C47 NewDesignator=C41
Change Component Designator: OldDesignator=C49 NewDesignator=C42
Change Component Designator: OldDesignator=C50 NewDesignator=C43
Change Component Designator: OldDesignator=C52 NewDesignator=C44
Change Component Designator: OldDesignator=C53 NewDesignator=C45
Change Component Designator: OldDesignator=D6 NewDesignator=D4
Change Component Designator: OldDesignator=D7 NewDesignator=D5
Change Component Designator: OldDesignator=LB1 NewDesignator=LB3
Change Component Designator: OldDesignator=LB2 NewDesignator=LB1
Change Component Designator: OldDesignator=LB3 NewDesignator=LB2
Change Component Designator: OldDesignator=LB4 NewDesignator=LB5
Change Component Designator: OldDesignator=LB7 NewDesignator=LB4
Change Component Designator: OldDesignator=R5 NewDesignator=R4
Change Component Designator: OldDesignator=R7 NewDesignator=R5
Change Component Designator: OldDesignator=R8 NewDesignator=R6
Change Component Designator: OldDesignator=R10 NewDesignator=R7
Change Component Designator: OldDesignator=R11 NewDesignator=R8
Change Component Designator: OldDesignator=R13 NewDesignator=R9
Change Component Designator: OldDesignator=R15 NewDesignator=R10
Change Component Designator: OldDesignator=R16 NewDesignator=R11
Change Component Designator: OldDesignator=R17 NewDesignator=R12
Change Component Designator: OldDesignator=R18 NewDesignator=R13
Change Component Designator: OldDesignator=R20 NewDesignator=R14
Change Component Designator: OldDesignator=R21 NewDesignator=R15
Change Component Designator: OldDesignator=R22 NewDesignator=R16
Change Component Designator: OldDesignator=R23 NewDesignator=R17
Change Component Designator: OldDesignator=R24 NewDesignator=R18
Change Component Designator: OldDesignator=R25 NewDesignator=R19
Change Component Designator: OldDesignator=R26 NewDesignator=R20
Change Component Designator: OldDesignator=R27 NewDesignator=R21
Change Component Designator: OldDesignator=R28 NewDesignator=R22
Change Component Designator: OldDesignator=R29 NewDesignator=R23
Change Component Designator: OldDesignator=R31 NewDesignator=R24
Change Component Designator: OldDesignator=R32 NewDesignator=R25
Change Component Designator: OldDesignator=R33 NewDesignator=R26
Change Component Designator: OldDesignator=R34 NewDesignator=R27
Change Component Designator: OldDesignator=R35 NewDesignator=R28
Change Component Designator: OldDesignator=R36 NewDesignator=R29
Change Net Name : Old Net Name=NetC46_1 New Net Name=NetC40_1
Change Net Name : Old Net Name=NetD6_K New Net Name=NetD4_K
Change Net Name : Old Net Name=NetD7_K New Net Name=NetD5_K
Change Net Name : Old Net Name=NetLB7_1 New Net Name=NetLB4_1
Change Net Name : Old Net Name=NetR20_2 New Net Name=NetR14_2
Change Net Name : Old Net Name=NetR21_1 New Net Name=NetR15_1
Added Pin To Net: NetName=TX+ Pin=C8-2
Added Pin To Net: NetName=TX+ Pin=USB1-A2
Added Pin To Net: NetName=TX+ Pin=USB1-B2
Added Net: Name=TX+
Added Pin To Net: NetName=TX- Pin=C7-2
Added Pin To Net: NetName=TX- Pin=USB1-A3
Added Pin To Net: NetName=TX- Pin=USB1-B3
Added Net: Name=TX-
Added Member To Class: ClassName=GL3520 4 Ports Member=Component LB5 10uH
