Removed Pin From Net: NetName=VD33 Pin=C5-1
Removed Pin From Net: NetName=GND Pin=C5-2
Removed Pin From Net: NetName=GND Pin=C6-2
Removed Pin From Net: NetName=VP12 Pin=LB1-2
Removed Pin From Net: NetName=VD33 Pin=LB2-1
Removed Member From Class: ClassName=GL3520 4 Ports Member=C5
Removed Member From Class: ClassName=GL3520 4 Ports Member=C6
Removed Member From Class: ClassName=GL3520 4 Ports Member=LB1
Removed Member From Class: ClassName=GL3520 4 Ports Member=LB2
Added Pin To Net: NetName=VP12 Pin=C9-2
Added Pin To Net: NetName=VP12 Pin=C10-2
Added Pin To Net: NetName=VP12 Pin=C11-2
Added Pin To Net: NetName=VD33 Pin=C16-2
Added Pin To Net: NetName=VP12 Pin=C31-1
Added Pin To Net: NetName=VP12 Pin=C32-2
Added Pin To Net: NetName=VP12 Pin=C33-2
Added Pin To Net: NetName=VP12 Pin=LB4-2
Added Pin To Net: NetName=VP12 Pin=R8-1
Added Pin To Net: NetName=VP12 Pin=U6-44
Added Pin To Net: NetName=VP12 Pin=U6-49
Added Pin To Net: NetName=VP12 Pin=U6-57
Added Pin To Net: NetName=VD33 Pin=U6-63
Added Pin To Net: NetName=VD33 Pin=U6-66
Added Pin To Net: NetName=VD33 Pin=U6-70
Added Pin To Net: NetName=VP12 Pin=U6-75
Change Net Name : Old Net Name=VP12 New Net Name=VD12
