Removed Pin From Net: NetName=DP1_TXP Pin=U2-1
Removed Pin From Net: NetName=DP1_DP Pin=U2-4
Removed Pin From Net: NetName=DP1_DN Pin=U2-7
Removed Pin From Net: NetName=DP1_TXN Pin=U2-10
Removed Pin From Net: NetName=DP2_TXP Pin=U3-1
Removed Pin From Net: NetName=DP2_DP Pin=U3-4
Removed Pin From Net: NetName=DP2_DN Pin=U3-7
Removed Pin From Net: NetName=DP2_TXN Pin=U3-10
Removed Pin From Net: NetName=DP1_TXN Pin=U6-16
Removed Pin From Net: NetName=DP1_TXP Pin=U6-17
Removed Pin From Net: NetName=DP1_RXN Pin=U6-19
Removed Pin From Net: NetName=DP1_RXP Pin=U6-20
Removed Pin From Net: NetName=DP2_TXN Pin=U6-24
Removed Pin From Net: NetName=DP2_TXP Pin=U6-25
Removed Pin From Net: NetName=DP2_RXN Pin=U6-27
Removed Pin From Net: NetName=DP2_RXP Pin=U6-28
Removed Pin From Net: NetName=DP3_TXN Pin=U6-31
Removed Pin From Net: NetName=DP3_TXP Pin=U6-32
Removed Pin From Net: NetName=DP3_RXN Pin=U6-34
Removed Pin From Net: NetName=DP3_RXP Pin=U6-35
Removed Pin From Net: NetName=DP4_TXN Pin=U6-38
Added Pin To Net: NetName=DP1_DN Pin=U2-1
Added Pin To Net: NetName=DP1_TXP Pin=U2-4
Added Pin To Net: NetName=DP1_TXN Pin=U2-7
Added Pin To Net: NetName=DP1_DP Pin=U2-10
Added Pin To Net: NetName=DP2_DN Pin=U3-1
Added Pin To Net: NetName=DP2_TXP Pin=U3-4
Added Pin To Net: NetName=DP2_TXN Pin=U3-7
Added Pin To Net: NetName=DP2_DP Pin=U3-10
Added Pin To Net: NetName=DP1_TXP Pin=U6-16
Added Pin To Net: NetName=DP1_TXN Pin=U6-17
Added Pin To Net: NetName=DP1_RXP Pin=U6-19
Added Pin To Net: NetName=DP1_RXN Pin=U6-20
Added Pin To Net: NetName=DP2_TXP Pin=U6-24
Added Pin To Net: NetName=DP2_TXN Pin=U6-25
Added Pin To Net: NetName=DP2_RXP Pin=U6-27
Added Pin To Net: NetName=DP2_RXN Pin=U6-28
Added Pin To Net: NetName=DP3_TXP Pin=U6-31
Added Pin To Net: NetName=DP3_TXN Pin=U6-32
Added Pin To Net: NetName=DP3_RXP Pin=U6-34
Added Pin To Net: NetName=DP3_RXN Pin=U6-35
Added Pin To Net: NetName=DP4_TXP Pin=U6-38
Added Room: Name=GL3520 4 Ports
