Added Member To Class: ClassName=GL3520 4 Ports Member=Component C1 10uF
Added Member To Class: ClassName=GL3520 4 Ports Member=Component C5 10uF
Added Member To Class: ClassName=GL3520 4 Ports Member=Component C8 0.1uF
Added Member To Class: ClassName=GL3520 4 Ports Member=Component C10 0.1uF
Added Member To Class: ClassName=GL3520 4 Ports Member=Component C12 0.1uF
Added Member To Class: ClassName=GL3520 4 Ports Member=Component C14 0.1uF
Added Member To Class: ClassName=GL3520 4 Ports Member=Component C16 10uF
Added Member To Class: ClassName=GL3520 4 Ports Member=Component C19 0.1uF
Added Member To Class: ClassName=GL3520 4 Ports Member=Component C25 0.1uF
Added Member To Class: ClassName=GL3520 4 Ports Member=Component C27 0.1uF
Added Member To Class: ClassName=GL3520 4 Ports Member=Component C29 0.1uF
Added Member To Class: ClassName=GL3520 4 Ports Member=Component C31 0.1uF
Added Member To Class: ClassName=GL3520 4 Ports Member=Component C33 10uF
Added Member To Class: ClassName=GL3520 4 Ports Member=Component C35 1uF
Added Member To Class: ClassName=GL3520 4 Ports Member=Component C37 12pF
Added Member To Class: ClassName=GL3520 4 Ports Member=Component C41 0.1uF
Added Member To Class: ClassName=GL3520 4 Ports Member=Component C44 10uF
Added Member To Class: ClassName=GL3520 4 Ports Member=Component C45 0.1uF
Added Member To Class: ClassName=GL3520 4 Ports Member=Component LB1 10uH
Added Member To Class: ClassName=GL3520 4 Ports Member=Component LB3 10uH
Added Member To Class: ClassName=GL3520 4 Ports Member=Component LB4 10uH
Added Member To Class: ClassName=GL3520 4 Ports Member=Component R11 2K
Added Member To Class: ClassName=GL3520 4 Ports Member=Component R15 10K
Added Member To Class: ClassName=GL3520 4 Ports Member=Component R17 10K
Added Member To Class: ClassName=GL3520 4 Ports Member=Component R24 100K
Added Member To Class: ClassName=GL3520 4 Ports Member=Component R26 100K
Added Member To Class: ClassName=GL3520 4 Ports Member=Component R28 100K
