Change Component Footprint: Designator=DOWN1 Old Footprint=USB3.0-2 New Footprint=USB3.0-2 - duplicate
Change Component Footprint: Designator=DOWN2 Old Footprint=USB3.0-2 New Footprint=USB3.0-2 - duplicate
Change Component Footprint: Designator=DOWN3 Old Footprint=USB3.0-2 New Footprint=USB3.0-2 - duplicate
Change Component Footprint: Designator=DOWN4 Old Footprint=USB3.0-2 New Footprint=USB3.0-2 - duplicate
Change Component Footprint: Designator=USB1 Old Footprint=USB_TYPE_C_24P New Footprint=USB_TYPE_C_24P - duplicate
Added Component: Designator=D10(DIO-214AC)
Add component (AddParameter): Name = "ComponentLink1Description"; Value = "Manufacturer Link"; VariantName = "[No Variations]"
Add component (AddParameter): Name = "ComponentLink1URL"; Value = "http://www.fairchildsemi.com/"; VariantName = "[No Variations]"
Add component (AddParameter): Name = "ComponentLink2Description"; Value = "Datasheet"; VariantName = "[No Variations]"
Add component (AddParameter): Name = "ComponentLink2URL"; Value = "http://www.fairchildsemi.com/ds/1N%2F1N5400.pdf"; VariantName = "[No Variations]"
Add component (AddParameter): Name = "DatasheetVersion"; Value = "1998"; VariantName = "[No Variations]"
Add component (AddParameter): Name = "LatestRevisionDate"; Value = "17-Jul-2002"; VariantName = "[No Variations]"
Add component (AddParameter): Name = "LatestRevisionNote"; Value = "Re-released for DXP Platform."; VariantName = "[No Variations]"
Add component (AddParameter): Name = "PackageDescription"; Value = "Diode, Axial; Body 9.5 x 5.6 mm (LxDia. max), Lead Dia. 1.32 mm (max)"; VariantName = "[No Variations]"
Add component (AddParameter): Name = "PackageReference"; Value = "DO-201AD"; VariantName = "[No Variations]"
Add component (AddParameter): Name = "PackageVersion"; Value = "Aug-1999"; VariantName = "[No Variations]"
Add component (AddParameter): Name = "Published"; Value = "8-Jun-2000"; VariantName = "[No Variations]"
Add component (AddParameter): Name = "Publisher"; Value = "Altium Limited"; VariantName = "[No Variations]"
Added Component: Designator=D11(DIO-214AC)
Add component (AddParameter): Name = "ComponentLink1Description"; Value = "Manufacturer Link"; VariantName = "[No Variations]"
Add component (AddParameter): Name = "ComponentLink1URL"; Value = "http://www.fairchildsemi.com/"; VariantName = "[No Variations]"
Add component (AddParameter): Name = "ComponentLink2Description"; Value = "Datasheet"; VariantName = "[No Variations]"
Add component (AddParameter): Name = "ComponentLink2URL"; Value = "http://www.fairchildsemi.com/ds/1N%2F1N5400.pdf"; VariantName = "[No Variations]"
Add component (AddParameter): Name = "DatasheetVersion"; Value = "1998"; VariantName = "[No Variations]"
Add component (AddParameter): Name = "LatestRevisionDate"; Value = "17-Jul-2002"; VariantName = "[No Variations]"
Add component (AddParameter): Name = "LatestRevisionNote"; Value = "Re-released for DXP Platform."; VariantName = "[No Variations]"
Add component (AddParameter): Name = "PackageDescription"; Value = "Diode, Axial; Body 9.5 x 5.6 mm (LxDia. max), Lead Dia. 1.32 mm (max)"; VariantName = "[No Variations]"
Add component (AddParameter): Name = "PackageReference"; Value = "DO-201AD"; VariantName = "[No Variations]"
Add component (AddParameter): Name = "PackageVersion"; Value = "Aug-1999"; VariantName = "[No Variations]"
Add component (AddParameter): Name = "Published"; Value = "8-Jun-2000"; VariantName = "[No Variations]"
Add component (AddParameter): Name = "Publisher"; Value = "Altium Limited"; VariantName = "[No Variations]"
Added Pin To Net: NetName=GND Pin=D10-1
Added Pin To Net: NetName=VAUX Pin=D10-2
Added Pin To Net: NetName=GND Pin=D11-1
Added Pin To Net: NetName=VMAIN Pin=D11-2
Added Pin To Net: NetName=SHIELD3 Pin=DOWN1-G1
Added Pin To Net: NetName=SHIELD3 Pin=DOWN1-G2
Added Pin To Net: NetName=SHIELD4 Pin=DOWN2-G1
Added Pin To Net: NetName=SHIELD4 Pin=DOWN2-G2
Added Pin To Net: NetName=SHIELD5 Pin=DOWN3-G1
Added Pin To Net: NetName=SHIELD5 Pin=DOWN3-G2
Added Pin To Net: NetName=SHIELD6 Pin=DOWN4-G1
Added Pin To Net: NetName=SHIELD6 Pin=DOWN4-G2
Added Pin To Net: NetName=SHIELD1 Pin=USB1-1
Added Pin To Net: NetName=SHIELD1 Pin=USB1-2
Added Pin To Net: NetName=SHIELD1 Pin=USB1-3
Added Pin To Net: NetName=SHIELD1 Pin=USB1-4
